   compilation of p.ads failed






+==========================================================================+
+===========================GNAT BUG DETECTED==============================+
/tmp/tmp-test-O602-025__private_part_spark-30902/src/p.ads
Consider also -gnatd.n switch (see debug.adb).
Note that list may not be accurate in some cases,
Please include these source files with error report
be reproduced with the set of files listed.
gnatprove: error during generation of Global contracts
raised SYSTEM.ASSERTIONS.ASSERT_FAILURE : namet.adb:655
so please double check that the problem can still
| Also include sources listed below.                                       |
| Error detected at p.ads:7:4                                              |
| Include the entire contents of this bug box in the report.               |
| Include the exact command that you entered.                              |
| Please submit a bug report using GNAT Tracker:                           |
| Pro 7.4.0w (19940713) (spark) Constraint_Error par-ch3.adb:4695 invalid data|
| Use a subject line meaningful to you and us to track the bug.            |
| Use plain ASCII or MIME attachment(s).                                   |
| alternatively submit a bug report by email to report@adacore.com,        |
| http://www.adacore.com/gnattracker/ section 'send a report'.             |
| including your customer number #nnn in the subject line.                 |
