one.ads:6:13: error: entry family is not allowed in SPARK
one.ads:6:13: error: violation of pragma SPARK_Mode at test.adc:1
var.ads:8:13: error: entry family is not allowed in SPARK
var.ads:8:13: error: violation of pragma SPARK_Mode at test.adc:1
zero.ads:6:13: error: entry family is not allowed in SPARK
zero.ads:6:13: error: violation of pragma SPARK_Mode at test.adc:1
gnatprove: error during flow analysis and proof
