proves_false.adb:16:11: medium: postcondition might fail, cannot prove (for some k in M => k = Length'Result - 1), in instantiation at proves_false.adb:42 [provers gave up before completing the proof]
proves_false.adb:16:30: info: predicate check proved (Trivial: 1 VC), in instantiation at proves_false.adb:42
proves_false.adb:16:40: info: predicate check proved (Trivial: 1 VC), in instantiation at proves_false.adb:42
proves_false.adb:16:50: info: predicate check proved (Trivial: 1 VC), in instantiation at proves_false.adb:42
proves_false.adb:16:53: medium: implicit aspect Always_Terminates on "Length" could be incorrect, "Length" and "Has_Index" are mutually recursive, in instantiation at proves_false.adb:42 [possible fix: annotate "Length" and "Has_Index" with Subprogram_Variant aspects]
proves_false.adb:17:29: info: predicate check proved (Trivial: 1 VC), in instantiation at proves_false.adb:42
proves_false.adb:17:39: info: predicate check proved (Trivial: 1 VC), in instantiation at proves_false.adb:42
proves_false.adb:19:16: info: during checks for quantification at proves_false.adb:28, in instantiation at proves_false.adb:42
proves_false.adb:19:16: info: implicit aspect Always_Terminates on "Iter_First" has been proved, subprogram will terminate, in instantiation at proves_false.adb:42
proves_false.adb:19:16: info: precondition proved (Trivial: 1 VC), in instantiation at proves_false.adb:42
proves_false.adb:19:28: warning: unused variable "M", in instantiation at proves_false.adb:42
proves_false.adb:20:16: info: during checks for quantification at proves_false.adb:28, in instantiation at proves_false.adb:42
proves_false.adb:20:16: info: implicit aspect Always_Terminates on "Iter_Next" has been proved, subprogram will terminate, in instantiation at proves_false.adb:42
proves_false.adb:20:16: info: precondition proved (Trivial: 1 VC), in instantiation at proves_false.adb:42
proves_false.adb:20:27: warning: unused variable "M", in instantiation at proves_false.adb:42
proves_false.adb:21:16: info: during checks for quantification at proves_false.adb:28, in instantiation at proves_false.adb:42
proves_false.adb:21:16: info: precondition proved (Trivial: 1 VC), in instantiation at proves_false.adb:42
proves_false.adb:23:16: info: implicit aspect Always_Terminates on "Empty" has been proved, subprogram will terminate, in instantiation at proves_false.adb:42
proves_false.adb:24:23: info: postcondition proved (CVC5: 1 VC), in instantiation at proves_false.adb:42
proves_false.adb:24:23: info: predicate check proved (Trivial: 1 VC), in instantiation at proves_false.adb:42
proves_false.adb:24:46: info: predicate check proved (Trivial: 1 VC), in instantiation at proves_false.adb:42
proves_false.adb:30:34: info: in default value of private type at proves_false.adb:8, in instantiation at proves_false.adb:42
proves_false.adb:30:34: info: predicate check proved (CVC5: 1 VC; Trivial: 1 VC), in instantiation at proves_false.adb:42
proves_false.adb:35:63: info: predicate check proved (CVC5: 1 VC; Trivial: 1 VC), in instantiation at proves_false.adb:42
proves_false.adb:36:79: info: predicate check proved (Trivial: 1 VC), in instantiation at proves_false.adb:42
proves_false.adb:36:81: info: predicate check proved (CVC5: 1 VC; Trivial: 1 VC), in instantiation at proves_false.adb:42
proves_false.adb:36:83: info: predicate check proved (Trivial: 1 VC), in instantiation at proves_false.adb:42
proves_false.adb:37:75: info: predicate check proved (Trivial: 1 VC), in instantiation at proves_false.adb:42
proves_false.adb:37:77: medium: implicit aspect Always_Terminates on "Has_Index" could be incorrect, "Has_Index" and "Length" are mutually recursive, in instantiation at proves_false.adb:42 [possible fix: annotate "Has_Index" and "Length" with Subprogram_Variant aspects]
proves_false.adb:37:79: info: predicate check proved (Trivial: 1 VC), in instantiation at proves_false.adb:42
proves_false.adb:39:59: info: predicate check proved (CVC5: 1 VC; Trivial: 1 VC), in instantiation at proves_false.adb:42
proves_false.adb:42:04: error: instantiation error at line 21
proves_false.adb:42:04: error: iteration primitive shall not be recursive, (including implicitly so)
proves_false.adb:42:04: warning: "Length" is recursive; its contract might not be available on recursive calls from contracts and assertions [contracts-recursive]
proves_false.adb:42:04: warning: in instantiation at line 14
proves_false.adb:45:04: warning: analyzing unreferenced procedure "Test" [unreferenced-procedure]
proves_false.adb:45:14: high: all paths in "Test" raise exceptions or do not terminate normally
proves_false.adb:45:14: warning: subprogram "Test" has no effect
proves_false.adb:47:21: info: assertion proved (CVC5: 1 VC)
proves_false.adb:47:34: info: predicate check proved (Trivial: 1 VC)
proves_false.adb:47:65: info: predicate check proved (Trivial: 1 VC)
proves_false.adb:48:07: info: assertion proved (CVC5: 1 VC)
statement.adb:12:16: warning: "Length" is recursive; its implicit contract might not be available on recursive calls from contracts and assertions [contracts-recursive]
statement.adb:15:16: info: during checks for quantification at statement.adb:21
statement.adb:15:16: info: implicit aspect Always_Terminates on "First" has been proved, subprogram will terminate
statement.adb:15:16: info: precondition proved (Trivial: 1 VC)
statement.adb:15:23: warning: unused variable "M"
statement.adb:16:16: info: during checks for quantification at statement.adb:21
statement.adb:16:16: info: implicit aspect Always_Terminates on "Next" has been proved, subprogram will terminate
statement.adb:16:16: info: precondition proved (Trivial: 1 VC)
statement.adb:16:22: warning: unused variable "M"
statement.adb:17:16: error: iteration primitive shall not be recursive, (including implicitly so)
statement.adb:17:16: info: during checks for quantification at statement.adb:21
statement.adb:17:16: info: precondition proved (Trivial: 1 VC)
statement.adb:22:34: info: in default value of private type at statement.adb:6
statement.adb:22:34: info: predicate check proved (CVC5: 1 VC; Trivial: 1 VC)
statement.adb:25:58: info: predicate check proved (CVC5: 1 VC; Trivial: 1 VC)
statement.adb:26:74: info: predicate check proved (Trivial: 1 VC)
statement.adb:26:76: info: predicate check proved (CVC5: 1 VC; Trivial: 1 VC)
statement.adb:26:78: info: predicate check proved (Trivial: 1 VC)
statement.adb:27:75: info: predicate check proved (Trivial: 1 VC)
statement.adb:27:77: medium: implicit aspect Always_Terminates on "Has_Index" could be incorrect, "Has_Index" and "Length" are mutually recursive [possible fix: annotate "Has_Index" and "Length" with Subprogram_Variant aspects]
statement.adb:27:79: info: predicate check proved (Trivial: 1 VC)
statement.adb:33:31: info: predicate check proved (CVC5: 1 VC; Trivial: 1 VC)
statement.adb:35:14: info: precondition proved (Trivial: 1 VC)
statement.adb:35:19: medium: implicit aspect Always_Terminates on "Length" could be incorrect, "Length" and "Has_Index" are mutually recursive [possible fix: annotate "Length" and "Has_Index" with Subprogram_Variant aspects]
statement.adb:36:20: info: predicate check proved (Trivial: 1 VC)
statement.adb:36:24: info: predicate check proved (CVC5: 1 VC; Trivial: 1 VC)
statement.adb:36:26: info: predicate check proved (Trivial: 1 VC)
gnatprove: error during flow analysis and proof
