bar.ads:10:24: info: range check proved (CVC5: 1 VC)
bar.ads:10:24: medium: overflow check might fail [reason for check: result of addition must fit in a 32-bits machine integer] [provers reached step limit before completing the proof]
foo.ads:5:09: error: aspect "Annotate => (GNATprove, No_Wrap_Around[, ...])" must immediately follow the full type declaration of type "Bad"
foo.ads:5:09: error: incorrect placement for aspect "Annotate => (GNATprove, No_Wrap_Around[, ...])"
gnatprove: error during flow analysis and proof
