test_overlay.adb:3:04: error: consider annotating "Y" with Import
test_overlay.adb:3:04: error: object with an address clause which is not fully initialized at declaration is not yet supported
test_overlay.adb:3:21: error: address clause for a mutable object referencing a constant part of an object is not allowed in SPARK (SPARK RM 13.7(4))
test_overlay.adb:3:21: error: violation of aspect SPARK_Mode at line 1
test_overlay.adb:4:04: error: consider annotating "Z" with Import
test_overlay.adb:4:04: error: object with an address clause which is not fully initialized at declaration is not yet supported
test_overlay.adb:4:21: error: address clause for a mutable object referencing a constant part of an object is not allowed in SPARK (SPARK RM 13.7(4))
test_overlay.adb:4:21: error: violation of aspect SPARK_Mode at line 1
test_overlay.adb:5:04: error: consider annotating "W" with Import
test_overlay.adb:5:04: error: object with an address clause which is not fully initialized at declaration is not yet supported
test_overlay.adb:9:19: warning: assuming "Init" has no effect on global items
test_overlay.adb:9:19: warning: no Global contract available for "Init" [assumed-global-null]
test_overlay.adb:10:04: error: consider annotating "V" with Import
test_overlay.adb:10:04: error: object with an address clause which is not fully initialized at declaration is not yet supported
test_overlay.adb:10:21: error: address clause for a mutable object referencing a constant part of an object is not allowed in SPARK (SPARK RM 13.7(4))
test_overlay.adb:10:21: error: violation of aspect SPARK_Mode at line 1
gnatprove: error during flow analysis and proof
