locate_checks.adb:7:21: info: data dependencies proved
locate_checks.adb:7:54: info: initialization of "Z" proved
locate_checks.adb:14:04: error: "X" is not readable
locate_checks.adb:14:04: error: object was moved at line 12
gnatprove: error during flow analysis and proof
