deref_test.adb:4:19: error: attribute "Address" outside an attribute definition clause is not allowed in SPARK (SPARK RM 13.7(2)) [E0002]
deref_test.adb:4:19: error: launch "gnatprove --explain=E0002" for more information
deref_test.adb:4:19: error: violation of pragma SPARK_Mode at test.adc:1
deref_test.adb:6:07: error: attribute "Deref" is not allowed in SPARK
deref_test.adb:6:07: error: violation of pragma SPARK_Mode at test.adc:1
deref_test2.adb:4:19: error: attribute "Address" outside an attribute definition clause is not allowed in SPARK (SPARK RM 13.7(2)) [E0002]
deref_test2.adb:4:19: error: launch "gnatprove --explain=E0002" for more information
deref_test2.adb:4:19: error: violation of pragma SPARK_Mode at test.adc:1
deref_test2.adb:6:07: error: attribute "Deref" is not allowed in SPARK
deref_test2.adb:6:07: error: violation of pragma SPARK_Mode at test.adc:1
deref_test2.adb:9:04: error: attribute "Deref" is not allowed in SPARK
deref_test2.adb:9:04: error: violation of pragma SPARK_Mode at test.adc:1
deref_test2.adb:10:07: error: attribute "Deref" is not allowed in SPARK
deref_test2.adb:10:07: error: violation of pragma SPARK_Mode at test.adc:1
gnatprove: error during flow analysis and proof
