discriminants.ads:2:09: error: general access type is not allowed in SPARK
discriminants.ads:2:09: error: violation of aspect SPARK_Mode at line 1
discriminants.ads:5:18: error: access discriminant is not allowed in SPARK
discriminants.ads:5:18: error: violation of aspect SPARK_Mode at line 1
discriminants.ads:9:04: error: discriminant on derived type is not allowed in SPARK (SPARK RM 3.7(2))
discriminants.ads:9:04: error: violation of aspect SPARK_Mode at line 1
discriminants.ads:12:04: error: discriminant on derived type is not allowed in SPARK (SPARK RM 3.7(2))
discriminants.ads:12:04: error: violation of aspect SPARK_Mode at line 1
gnatprove: error during flow analysis and proof
