p.ads:7:12: error: subtype predicate on effectively volatile type for reading is not allowed in SPARK (SPARK RM 3.2.4(3))
p.ads:7:12: error: violation of pragma SPARK_Mode at test.adc:1
task_param.ads:3:14: info: nontermination of task proved (CVC5: 1 VC)
task_param.ads:5:14: warning: subprogram "P" has no effect
task_param.ads:7:13: info: implicit terminating annotation on "F" has been proved, subprogram will terminate
gnatprove: error during flow analysis and proof
