p.ads:18:13: error: unchecked conversion instance from a type with access subcomponents is not allowed in SPARK (SPARK RM 13.9(1))
p.ads:18:13: error: violation of pragma SPARK_Mode at test.adc:1
gnatprove: error during flow analysis and proof
