test_pred_on_array.adb:3:09: error: predicate on a type with initialization by proof is not yet supported
test_pred_on_array.adb:4:29: error: subtype of "Integer" is not allowed in SPARK (due to predicate on a type with initialization by proof)
test_pred_on_array.adb:4:29: error: violation of aspect SPARK_Mode at line 1
test_pred_on_array.adb:4:34: error: subtype of "Integer" is not allowed in SPARK (due to predicate on a type with initialization by proof)
test_pred_on_array.adb:4:34: error: violation of aspect SPARK_Mode at line 1
test_pred_on_array.adb:4:49: error: "E_Arr" is not allowed in SPARK (due to predicate on a type with initialization by proof)
test_pred_on_array.adb:4:49: error: violation of aspect SPARK_Mode at line 1
test_pred_on_array.adb:8:57: error: "E_Arr" is not allowed in SPARK (due to predicate on a type with initialization by proof)
test_pred_on_array.adb:8:57: error: violation of aspect SPARK_Mode at line 1
test_pred_on_array.adb:11:04: warning: analyzing unreferenced procedure "P1"
test_pred_on_array.adb:17:04: warning: analyzing unreferenced procedure "P2"
test_pred_on_array.adb:20:07: error: subtype of "E_Arr" is not allowed in SPARK (due to predicate on a type with initialization by proof)
test_pred_on_array.adb:20:07: error: violation of aspect SPARK_Mode at line 1
test_pred_on_array.adb:24:09: error: predicate on a type with initialization by proof is not yet supported
test_pred_on_array.adb:27:17: error: "E_Rec" is not allowed in SPARK (due to predicate on a type with initialization by proof)
test_pred_on_array.adb:27:17: error: violation of aspect SPARK_Mode at line 1
test_pred_on_array.adb:27:34: error: "E_Rec" is not allowed in SPARK (due to predicate on a type with initialization by proof)
test_pred_on_array.adb:27:34: error: violation of aspect SPARK_Mode at line 1
test_pred_on_array.adb:27:51: error: "E_Rec" is not allowed in SPARK (due to predicate on a type with initialization by proof)
test_pred_on_array.adb:27:51: error: violation of aspect SPARK_Mode at line 1
test_pred_on_array.adb:31:22: error: "E_Rec" is not allowed in SPARK (due to predicate on a type with initialization by proof)
test_pred_on_array.adb:31:22: error: violation of aspect SPARK_Mode at line 1
test_pred_on_array.adb:31:41: error: "E_Rec" is not allowed in SPARK (due to predicate on a type with initialization by proof)
test_pred_on_array.adb:31:41: error: violation of aspect SPARK_Mode at line 1
test_pred_on_array.adb:31:60: error: "E_Rec" is not allowed in SPARK (due to predicate on a type with initialization by proof)
test_pred_on_array.adb:31:60: error: violation of aspect SPARK_Mode at line 1
test_pred_on_array.adb:34:04: warning: analyzing unreferenced procedure "P3"
test_pred_on_array.adb:40:04: warning: analyzing unreferenced procedure "P4"
test_pred_on_array.adb:43:07: error: "E_Rec" is not allowed in SPARK (due to predicate on a type with initialization by proof)
test_pred_on_array.adb:43:07: error: violation of aspect SPARK_Mode at line 1
gnatprove: error during flow analysis and proof
