assertion.adb:4:13: error: "F" might include a recursive call due to a type invariant or subtype predicate, or there might be a cycle in the elaboration of the enclosing unit
assertion.adb:4:13: error: unsupported recursive subprogram
assertion.adb:4:13: info: implicit aspect Always_Terminates on "F" has been proved, subprogram will terminate
assertion.adb:4:64: info: postcondition proved (altergo: 1 VC)
assertion.adb:6:37: info: precondition proved (Trivial: 1 VC)
assertion.adb:11:22: info: assertion proved (altergo: 1 VC)
assertion.adb:11:25: info: predicate check proved (CVC5: 1 VC)
assignment_statement.adb:4:13: error: "F" might include a recursive call due to a type invariant or subtype predicate, or there might be a cycle in the elaboration of the enclosing unit
assignment_statement.adb:4:13: error: unsupported recursive subprogram
assignment_statement.adb:4:13: info: implicit aspect Always_Terminates on "F" has been proved, subprogram will terminate
assignment_statement.adb:4:16: warning: unused initial value of "V"
assignment_statement.adb:4:64: info: postcondition proved (CVC5: 1 VC)
assignment_statement.adb:6:37: info: precondition proved (Trivial: 1 VC)
assignment_statement.adb:10:06: warning: initialization of "V1" has no effect
assignment_statement.adb:10:19: info: predicate check proved (CVC5: 1 VC)
case_statement.adb:4:13: error: "F" might include a recursive call due to a type invariant or subtype predicate, or there might be a cycle in the elaboration of the enclosing unit
case_statement.adb:4:13: error: unsupported recursive subprogram
case_statement.adb:4:13: info: implicit aspect Always_Terminates on "F" has been proved, subprogram will terminate
case_statement.adb:4:64: info: postcondition proved (CVC5: 1 VC)
case_statement.adb:6:37: info: precondition proved (Trivial: 1 VC)
case_statement.adb:11:15: info: predicate check proved (CVC5: 1 VC)
conversion.adb:4:13: error: "F" might include a recursive call due to a type invariant or subtype predicate, or there might be a cycle in the elaboration of the enclosing unit
conversion.adb:4:13: error: unsupported recursive subprogram
conversion.adb:4:13: info: implicit aspect Always_Terminates on "F" has been proved, subprogram will terminate
conversion.adb:4:65: info: postcondition proved (CVC5: 1 VC)
conversion.adb:6:37: info: precondition proved (Trivial: 1 VC)
conversion.adb:9:11: info: predicate check proved (CVC5: 1 VC)
exit_statement.adb:4:13: error: "F" might include a recursive call due to a type invariant or subtype predicate, or there might be a cycle in the elaboration of the enclosing unit
exit_statement.adb:4:13: error: unsupported recursive subprogram
exit_statement.adb:4:13: info: implicit aspect Always_Terminates on "F" has been proved, subprogram will terminate
exit_statement.adb:4:16: warning: unused initial value of "V"
exit_statement.adb:4:64: info: postcondition proved (CVC5: 1 VC)
exit_statement.adb:6:37: info: precondition proved (Trivial: 1 VC)
exit_statement.adb:11:24: info: unrolling loop
exit_statement.adb:11:24: warning: statement has no effect
exit_statement.adb:12:10: warning: loop exit condition is stable
exit_statement.adb:12:10: warning: statement has no effect
exit_statement.adb:12:23: info: predicate check proved (CVC5: 10 VC)
extended_return.adb:4:13: error: "F" might include a recursive call due to a type invariant or subtype predicate, or there might be a cycle in the elaboration of the enclosing unit
extended_return.adb:4:13: error: unsupported recursive subprogram
extended_return.adb:4:13: info: implicit aspect Always_Terminates on "F" has been proved, subprogram will terminate
extended_return.adb:4:64: info: postcondition proved (CVC5: 1 VC)
extended_return.adb:6:37: info: precondition proved (Trivial: 1 VC)
extended_return.adb:11:14: info: initialization of "X" proved
extended_return.adb:12:19: info: predicate check proved (CVC5: 1 VC)
for_loop.adb:4:13: error: "F" might include a recursive call due to a type invariant or subtype predicate, or there might be a cycle in the elaboration of the enclosing unit
for_loop.adb:4:13: error: unsupported recursive subprogram
for_loop.adb:4:13: info: implicit aspect Always_Terminates on "F" has been proved, subprogram will terminate
for_loop.adb:4:16: warning: unused initial value of "V"
for_loop.adb:4:64: info: postcondition proved (CVC5: 1 VC)
for_loop.adb:6:37: info: precondition proved (Trivial: 1 VC)
for_loop.adb:11:24: info: predicate check proved (CVC5: 1 VC)
for_loop.adb:11:29: info: cannot unroll loop (too many loop iterations)
for_loop.adb:11:29: warning: statement has no effect
func_actual.adb:4:13: error: "F" might include a recursive call due to a type invariant or subtype predicate, or there might be a cycle in the elaboration of the enclosing unit
func_actual.adb:4:13: error: unsupported recursive subprogram
func_actual.adb:4:13: info: implicit aspect Always_Terminates on "F" has been proved, subprogram will terminate
func_actual.adb:4:16: warning: unused variable "X"
func_actual.adb:4:64: info: postcondition proved (CVC5: 1 VC)
func_actual.adb:6:37: info: precondition proved (Trivial: 1 VC)
func_actual.adb:8:22: info: predicate check proved (CVC5: 1 VC)
func_actual.adb:10:13: info: implicit aspect Always_Terminates on "G" has been proved, subprogram will terminate
func_actual.adb:13:10: info: predicate check proved (CVC5: 1 VC)
func_contract_case_lhs.adb:4:13: error: "F" might include a recursive call due to a type invariant or subtype predicate, or there might be a cycle in the elaboration of the enclosing unit
func_contract_case_lhs.adb:4:13: error: unsupported recursive subprogram
func_contract_case_lhs.adb:4:13: info: implicit aspect Always_Terminates on "F" has been proved, subprogram will terminate
func_contract_case_lhs.adb:4:64: info: postcondition proved (altergo: 1 VC)
func_contract_case_lhs.adb:6:37: info: precondition proved (Trivial: 1 VC)
func_contract_case_lhs.adb:10:13: info: implicit aspect Always_Terminates on "G" has been proved, subprogram will terminate
func_contract_case_lhs.adb:11:09: warning: contract cases do not mention function result
func_contract_case_lhs.adb:11:28: warning: assuming "Foo" has no effect on global items
func_contract_case_lhs.adb:11:28: warning: no Global contract available for "Foo"
func_contract_case_lhs.adb:11:33: info: predicate check proved (CVC5: 1 VC)
func_contract_case_lhs.adb:11:36: info: contract case proved (Trivial: 2 VC)
func_contract_case_lhs.adb:12:36: info: contract case proved (Trivial: 2 VC)
func_contract_case_lhs_imp.adb:4:13: error: "F" might include a recursive call due to a type invariant or subtype predicate, or there might be a cycle in the elaboration of the enclosing unit
func_contract_case_lhs_imp.adb:4:13: error: unsupported recursive subprogram
func_contract_case_lhs_imp.adb:4:13: info: implicit aspect Always_Terminates on "F" has been proved, subprogram will terminate
func_contract_case_lhs_imp.adb:4:64: info: postcondition proved (altergo: 1 VC)
func_contract_case_lhs_imp.adb:6:37: info: precondition proved (Trivial: 1 VC)
func_contract_case_lhs_imp.adb:8:13: error: "Foo" might include a recursive call due to a type invariant or subtype predicate, or there might be a cycle in the elaboration of the enclosing unit
func_contract_case_lhs_imp.adb:8:13: error: unsupported recursive subprogram
func_contract_case_lhs_imp.adb:10:13: error: "G" might include a recursive call due to a type invariant or subtype predicate, or there might be a cycle in the elaboration of the enclosing unit
func_contract_case_lhs_imp.adb:10:13: error: unsupported recursive subprogram
func_contract_case_lhs_imp.adb:11:17: warning: contract cases do not mention function result
func_contract_case_lhs_imp.adb:11:36: warning: assuming "Foo" has no effect on global items
func_contract_case_lhs_imp.adb:11:36: warning: no Global contract available for "Foo"
func_contract_case_lhs_imp.adb:11:41: info: predicate check proved (CVC5: 1 VC)
func_contract_case_lhs_imp.adb:15:07: warning: assuming "G" has no effect on global items
func_contract_case_lhs_imp.adb:15:07: warning: no Global contract available for "G"
func_contract_case_rhs.adb:4:13: error: "F" might include a recursive call due to a type invariant or subtype predicate, or there might be a cycle in the elaboration of the enclosing unit
func_contract_case_rhs.adb:4:13: error: unsupported recursive subprogram
func_contract_case_rhs.adb:4:13: info: implicit aspect Always_Terminates on "F" has been proved, subprogram will terminate
func_contract_case_rhs.adb:4:64: info: postcondition proved (altergo: 1 VC)
func_contract_case_rhs.adb:6:37: info: precondition proved (Trivial: 1 VC)
func_contract_case_rhs.adb:10:13: info: implicit aspect Always_Terminates on "G" has been proved, subprogram will terminate
func_contract_case_rhs.adb:11:09: warning: contract cases do not mention function result
func_contract_case_rhs.adb:11:36: info: contract case proved (Trivial: 1 VC; altergo: 1 VC)
func_contract_case_rhs.adb:11:39: warning: assuming "Foo" has no effect on global items
func_contract_case_rhs.adb:11:39: warning: no Global contract available for "Foo"
func_contract_case_rhs.adb:11:44: info: predicate check proved (CVC5: 1 VC)
func_contract_case_rhs_imp.adb:4:13: error: "F" might include a recursive call due to a type invariant or subtype predicate, or there might be a cycle in the elaboration of the enclosing unit
func_contract_case_rhs_imp.adb:4:13: error: unsupported recursive subprogram
func_contract_case_rhs_imp.adb:4:13: info: implicit aspect Always_Terminates on "F" has been proved, subprogram will terminate
func_contract_case_rhs_imp.adb:4:64: info: postcondition proved (CVC5: 1 VC)
func_contract_case_rhs_imp.adb:6:37: info: precondition proved (Trivial: 1 VC)
func_contract_case_rhs_imp.adb:8:13: error: "Foo" might include a recursive call due to a type invariant or subtype predicate, or there might be a cycle in the elaboration of the enclosing unit
func_contract_case_rhs_imp.adb:8:13: error: unsupported recursive subprogram
func_contract_case_rhs_imp.adb:11:17: warning: contract cases do not mention function result
func_contract_case_rhs_imp.adb:11:47: warning: assuming "Foo" has no effect on global items
func_contract_case_rhs_imp.adb:11:47: warning: no Global contract available for "Foo"
func_contract_case_rhs_imp.adb:14:07: warning: assuming "G" has no effect on global items
func_contract_case_rhs_imp.adb:14:07: warning: no Global contract available for "G"
func_formal.adb:4:13: error: "F" might include a recursive call due to a type invariant or subtype predicate, or there might be a cycle in the elaboration of the enclosing unit
func_formal.adb:4:13: error: unsupported recursive subprogram
func_formal.adb:4:13: info: implicit aspect Always_Terminates on "F" has been proved, subprogram will terminate
func_formal.adb:4:64: info: postcondition proved (CVC5: 1 VC)
func_formal.adb:6:37: info: precondition proved (Trivial: 1 VC)
func_formal.adb:8:13: info: implicit aspect Always_Terminates on "G" has been proved, subprogram will terminate
func_formal.adb:11:10: info: predicate check proved (CVC5: 1 VC)
func_post.adb:4:13: error: "F" might include a recursive call due to a type invariant or subtype predicate, or there might be a cycle in the elaboration of the enclosing unit
func_post.adb:4:13: error: unsupported recursive subprogram
func_post.adb:4:13: info: implicit aspect Always_Terminates on "F" has been proved, subprogram will terminate
func_post.adb:4:64: info: postcondition proved (CVC5: 1 VC)
func_post.adb:6:37: info: precondition proved (Trivial: 1 VC)
func_post.adb:8:13: error: "Foo" might include a recursive call due to a type invariant or subtype predicate, or there might be a cycle in the elaboration of the enclosing unit
func_post.adb:8:13: error: unsupported recursive subprogram
func_post.adb:10:13: error: "G" might include a recursive call due to a type invariant or subtype predicate, or there might be a cycle in the elaboration of the enclosing unit
func_post.adb:10:13: error: unsupported recursive subprogram
func_post.adb:10:13: info: implicit aspect Always_Terminates on "G" has been proved, subprogram will terminate
func_post.adb:10:54: warning: postcondition does not mention function result
func_post.adb:10:62: info: postcondition proved (altergo: 1 VC)
func_post.adb:10:62: warning: assuming "Foo" has no effect on global items
func_post.adb:10:62: warning: no Global contract available for "Foo"
func_post.adb:10:67: info: predicate check proved (CVC5: 1 VC)
func_post_imp.adb:4:13: error: "F" might include a recursive call due to a type invariant or subtype predicate, or there might be a cycle in the elaboration of the enclosing unit
func_post_imp.adb:4:13: error: unsupported recursive subprogram
func_post_imp.adb:4:13: info: implicit aspect Always_Terminates on "F" has been proved, subprogram will terminate
func_post_imp.adb:4:64: info: postcondition proved (CVC5: 1 VC)
func_post_imp.adb:6:37: info: precondition proved (Trivial: 1 VC)
func_post_imp.adb:8:13: error: "Foo" might include a recursive call due to a type invariant or subtype predicate, or there might be a cycle in the elaboration of the enclosing unit
func_post_imp.adb:8:13: error: unsupported recursive subprogram
func_post_imp.adb:10:51: warning: postcondition does not mention function result
func_post_imp.adb:10:59: warning: assuming "Foo" has no effect on global items
func_post_imp.adb:10:59: warning: no Global contract available for "Foo"
func_post_imp.adb:13:07: warning: assuming "G" has no effect on global items
func_post_imp.adb:13:07: warning: no Global contract available for "G"
func_pre.adb:4:13: error: "F" might include a recursive call due to a type invariant or subtype predicate, or there might be a cycle in the elaboration of the enclosing unit
func_pre.adb:4:13: error: unsupported recursive subprogram
func_pre.adb:4:13: info: implicit aspect Always_Terminates on "F" has been proved, subprogram will terminate
func_pre.adb:4:64: info: postcondition proved (altergo: 1 VC)
func_pre.adb:6:37: info: precondition proved (Trivial: 1 VC)
func_pre.adb:10:13: info: implicit aspect Always_Terminates on "G" has been proved, subprogram will terminate
func_pre.adb:10:61: warning: assuming "Foo" has no effect on global items
func_pre.adb:10:61: warning: no Global contract available for "Foo"
func_pre.adb:10:66: info: predicate check proved (CVC5: 1 VC)
func_pre.adb:13:07: info: precondition proved (altergo: 1 VC)
func_pre_imp.adb:4:13: error: "F" might include a recursive call due to a type invariant or subtype predicate, or there might be a cycle in the elaboration of the enclosing unit
func_pre_imp.adb:4:13: error: unsupported recursive subprogram
func_pre_imp.adb:4:13: info: implicit aspect Always_Terminates on "F" has been proved, subprogram will terminate
func_pre_imp.adb:4:64: info: postcondition proved (altergo: 1 VC)
func_pre_imp.adb:6:37: info: precondition proved (Trivial: 1 VC)
func_pre_imp.adb:8:13: error: "Foo" might include a recursive call due to a type invariant or subtype predicate, or there might be a cycle in the elaboration of the enclosing unit
func_pre_imp.adb:8:13: error: unsupported recursive subprogram
func_pre_imp.adb:10:13: error: "G" might include a recursive call due to a type invariant or subtype predicate, or there might be a cycle in the elaboration of the enclosing unit
func_pre_imp.adb:10:13: error: unsupported recursive subprogram
func_pre_imp.adb:10:58: warning: assuming "Foo" has no effect on global items
func_pre_imp.adb:10:58: warning: no Global contract available for "Foo"
func_pre_imp.adb:10:63: info: predicate check proved (CVC5: 1 VC)
func_pre_imp.adb:13:07: info: precondition proved (altergo: 1 VC)
func_pre_imp.adb:13:07: warning: assuming "G" has no effect on global items
func_pre_imp.adb:13:07: warning: no Global contract available for "G"
func_return.adb:4:13: error: "F" might include a recursive call due to a type invariant or subtype predicate, or there might be a cycle in the elaboration of the enclosing unit
func_return.adb:4:13: error: unsupported recursive subprogram
func_return.adb:4:13: info: implicit aspect Always_Terminates on "F" has been proved, subprogram will terminate
func_return.adb:4:64: info: postcondition proved (CVC5: 1 VC)
func_return.adb:6:37: info: precondition proved (Trivial: 1 VC)
func_return.adb:8:13: info: implicit aspect Always_Terminates on "G" has been proved, subprogram will terminate
func_return.adb:8:16: warning: unused variable "X"
func_return.adb:8:36: info: predicate check proved (CVC5: 1 VC)
handled_seq_statements.adb:4:13: error: "F" might include a recursive call due to a type invariant or subtype predicate, or there might be a cycle in the elaboration of the enclosing unit
handled_seq_statements.adb:4:13: error: unsupported recursive subprogram
handled_seq_statements.adb:4:13: info: implicit aspect Always_Terminates on "F" has been proved, subprogram will terminate
handled_seq_statements.adb:4:64: info: postcondition proved (altergo: 1 VC)
handled_seq_statements.adb:6:37: info: precondition proved (Trivial: 1 VC)
handled_seq_statements.adb:14:46: info: assertion proved (altergo: 1 VC)
handled_seq_statements.adb:14:49: info: predicate check proved (CVC5: 1 VC)
if_statement.adb:4:13: error: "F" might include a recursive call due to a type invariant or subtype predicate, or there might be a cycle in the elaboration of the enclosing unit
if_statement.adb:4:13: error: unsupported recursive subprogram
if_statement.adb:4:13: info: implicit aspect Always_Terminates on "F" has been proved, subprogram will terminate
if_statement.adb:4:16: warning: unused initial value of "V"
if_statement.adb:4:64: info: postcondition proved (CVC5: 1 VC)
if_statement.adb:6:37: info: precondition proved (Trivial: 1 VC)
if_statement.adb:11:07: warning: statement has no effect
if_statement.adb:11:13: info: predicate check proved (CVC5: 1 VC)
imported.adb:4:13: error: "F" might include a recursive call due to a type invariant or subtype predicate, or there might be a cycle in the elaboration of the enclosing unit
imported.adb:4:13: error: unsupported recursive subprogram
imported.adb:4:13: info: implicit aspect Always_Terminates on "F" has been proved, subprogram will terminate
imported.adb:4:65: info: postcondition proved (CVC5: 1 VC)
imported.adb:6:37: info: precondition proved (Trivial: 1 VC)
imported.adb:8:13: error: "Imp" might include a recursive call due to a type invariant or subtype predicate, or there might be a cycle in the elaboration of the enclosing unit
imported.adb:8:13: error: unsupported recursive subprogram
imported.adb:11:08: warning: assuming "Imp" has no effect on global items
imported.adb:11:08: warning: no Global contract available for "Imp"
imported.adb:11:13: info: predicate check proved (CVC5: 1 VC)
imported_2.adb:4:13: error: "F" might include a recursive call due to a type invariant or subtype predicate, or there might be a cycle in the elaboration of the enclosing unit
imported_2.adb:4:13: error: unsupported recursive subprogram
imported_2.adb:4:13: info: implicit aspect Always_Terminates on "F" has been proved, subprogram will terminate
imported_2.adb:4:65: info: postcondition proved (CVC5: 1 VC)
imported_2.adb:6:37: info: precondition proved (Trivial: 1 VC)
imported_2.adb:13:07: info: no contextual analysis of "Imp" (body not seen yet)
imported_2.adb:13:07: warning: assuming "Imp" always terminates
imported_2.adb:13:07: warning: assuming "Imp" has no effect on global items
imported_2.adb:13:07: warning: no Always_Terminates aspect available for "Imp"
imported_2.adb:13:07: warning: no Global contract available for "Imp"
imported_2.adb:13:15: info: predicate check proved (CVC5: 1 VC)
imported_ret.adb:4:13: error: "F" might include a recursive call due to a type invariant or subtype predicate, or there might be a cycle in the elaboration of the enclosing unit
imported_ret.adb:4:13: error: unsupported recursive subprogram
imported_ret.adb:4:13: info: implicit aspect Always_Terminates on "F" has been proved, subprogram will terminate
imported_ret.adb:4:65: info: postcondition proved (CVC5: 1 VC)
imported_ret.adb:6:37: info: precondition proved (Trivial: 1 VC)
imported_ret.adb:8:13: error: "Imp" might include a recursive call due to a type invariant or subtype predicate, or there might be a cycle in the elaboration of the enclosing unit
imported_ret.adb:8:13: error: unsupported recursive subprogram
imported_ret.adb:11:08: warning: assuming "Imp" has no effect on global items
imported_ret.adb:11:08: warning: no Global contract available for "Imp"
loop_statement.adb:4:13: error: "F" might include a recursive call due to a type invariant or subtype predicate, or there might be a cycle in the elaboration of the enclosing unit
loop_statement.adb:4:13: error: unsupported recursive subprogram
loop_statement.adb:4:16: warning: unused initial value of "V"
loop_statement.adb:4:64: info: postcondition proved (CVC5: 1 VC)
loop_statement.adb:6:37: info: precondition proved (Trivial: 1 VC)
loop_statement.adb:11:16: info: predicate check proved (CVC5: 2 VC)
loop_statement.adb:11:25: medium: implicit aspect Always_Terminates on "F" could be incorrect, loop might be nonterminating [possible fix: add loop variant in the loop body]
loop_statement.adb:11:25: warning: loop condition is stable
loop_statement.adb:11:25: warning: statement has no effect
membership_test.adb:4:13: error: "Foo" might include a recursive call due to a type invariant or subtype predicate, or there might be a cycle in the elaboration of the enclosing unit
membership_test.adb:4:13: error: unsupported recursive subprogram
membership_test.adb:4:13: info: implicit aspect Always_Terminates on "Foo" has been proved, subprogram will terminate
membership_test.adb:4:66: info: postcondition proved (altergo: 1 VC)
membership_test.adb:6:13: info: implicit aspect Always_Terminates on "Bar" has been proved, subprogram will terminate
membership_test.adb:6:18: warning: unused variable "V"
membership_test.adb:8:37: info: precondition proved (Trivial: 1 VC)
membership_test_2.adb:4:13: error: "Foo" might include a recursive call due to a type invariant or subtype predicate, or there might be a cycle in the elaboration of the enclosing unit
membership_test_2.adb:4:13: error: unsupported recursive subprogram
membership_test_2.adb:4:13: info: implicit aspect Always_Terminates on "Foo" has been proved, subprogram will terminate
membership_test_2.adb:4:66: info: postcondition proved (Z3: 1 VC)
membership_test_2.adb:6:13: info: implicit aspect Always_Terminates on "Bar" has been proved, subprogram will terminate
membership_test_2.adb:6:18: warning: unused variable "V"
membership_test_2.adb:8:37: info: precondition proved (Trivial: 1 VC)
normal_return.adb:4:13: error: "F" might include a recursive call due to a type invariant or subtype predicate, or there might be a cycle in the elaboration of the enclosing unit
normal_return.adb:4:13: error: unsupported recursive subprogram
normal_return.adb:4:13: info: implicit aspect Always_Terminates on "F" has been proved, subprogram will terminate
normal_return.adb:4:64: info: postcondition proved (CVC5: 1 VC)
normal_return.adb:6:37: info: precondition proved (Trivial: 1 VC)
normal_return.adb:11:18: info: predicate check proved (CVC5: 1 VC)
object_decl.adb:4:13: error: "F" might include a recursive call due to a type invariant or subtype predicate, or there might be a cycle in the elaboration of the enclosing unit
object_decl.adb:4:13: error: unsupported recursive subprogram
object_decl.adb:4:13: info: implicit aspect Always_Terminates on "F" has been proved, subprogram will terminate
object_decl.adb:4:16: warning: unused variable "V"
object_decl.adb:4:64: info: postcondition proved (altergo: 1 VC)
object_decl.adb:6:37: info: precondition proved (Trivial: 1 VC)
object_decl.adb:10:06: warning: unused variable "V1"
pkg_body.adb:4:13: info: implicit aspect Always_Terminates on "F" has been proved, subprogram will terminate
pkg_body.adb:4:16: warning: unused initial value of "V"
pkg_body.adb:4:64: medium: postcondition might fail (e.g. when V = (A => 0))
pkg_body.adb:6:37: info: precondition proved (Trivial: 1 VC)
pkg_body.adb:16:19: info: predicate check proved (CVC5: 1 VC)
pkg_decl.adb:4:13: error: "F" might include a recursive call due to a type invariant or subtype predicate, or there might be a cycle in the elaboration of the enclosing unit
pkg_decl.adb:4:13: error: unsupported recursive subprogram
pkg_decl.adb:4:13: info: implicit aspect Always_Terminates on "F" has been proved, subprogram will terminate
pkg_decl.adb:4:16: warning: unused variable "V"
pkg_decl.adb:4:64: info: postcondition proved (altergo: 1 VC)
pkg_decl.adb:6:37: info: precondition proved (Trivial: 1 VC)
pkg_decl.adb:11:10: warning: unused variable "V1"
proc_formal.adb:4:13: error: "F" might include a recursive call due to a type invariant or subtype predicate, or there might be a cycle in the elaboration of the enclosing unit
proc_formal.adb:4:13: error: unsupported recursive subprogram
proc_formal.adb:4:13: info: implicit aspect Always_Terminates on "F" has been proved, subprogram will terminate
proc_formal.adb:4:64: info: postcondition proved (CVC5: 1 VC)
proc_formal.adb:6:37: info: precondition proved (Trivial: 1 VC)
proc_formal.adb:8:14: warning: subprogram "G" has no effect
proc_formal.adb:14:07: info: precondition proved (Trivial: 1 VC)
proc_formal.adb:14:10: info: predicate check proved (CVC5: 1 VC)
qualified_expression.adb:4:13: error: "F" might include a recursive call due to a type invariant or subtype predicate, or there might be a cycle in the elaboration of the enclosing unit
qualified_expression.adb:4:13: error: unsupported recursive subprogram
qualified_expression.adb:4:13: info: implicit aspect Always_Terminates on "F" has been proved, subprogram will terminate
qualified_expression.adb:4:65: info: postcondition proved (CVC5: 1 VC)
qualified_expression.adb:6:37: info: precondition proved (Trivial: 1 VC)
qualified_expression.adb:9:11: info: predicate check proved (CVC5: 1 VC)
raise_stmt.adb:4:13: error: "F" might include a recursive call due to a type invariant or subtype predicate, or there might be a cycle in the elaboration of the enclosing unit
raise_stmt.adb:4:13: error: unsupported recursive subprogram
raise_stmt.adb:4:13: info: implicit aspect Always_Terminates on "F" has been proved, subprogram will terminate
raise_stmt.adb:4:16: warning: unused initial value of "V"
raise_stmt.adb:4:64: medium: postcondition might fail (e.g. when V = (A => 0))
raise_stmt.adb:6:37: info: precondition proved (Trivial: 1 VC)
raise_stmt.adb:12:38: info: predicate check proved (CVC5: 1 VC)
recursive_predicates.adb:4:13: error: "F" might include a recursive call due to a type invariant or subtype predicate, or there might be a cycle in the elaboration of the enclosing unit
recursive_predicates.adb:4:13: error: unsupported recursive subprogram
recursive_predicates.adb:4:13: info: implicit aspect Always_Terminates on "F" has been proved, subprogram will terminate
recursive_predicates.adb:4:51: info: postcondition proved (altergo: 1 VC)
recursive_predicates.adb:6:42: info: predicate check proved (CVC5: 1 VC)
recursive_predicates.adb:7:45: info: predicate check proved (CVC5: 1 VC)
recursive_predicates.adb:11:18: info: predicate check proved (altergo: 1 VC)
subcomponent_parent.adb:4:13: error: "F" might include a recursive call due to a type invariant or subtype predicate, or there might be a cycle in the elaboration of the enclosing unit
subcomponent_parent.adb:4:13: error: unsupported recursive subprogram
subcomponent_parent.adb:4:13: info: implicit aspect Always_Terminates on "F" has been proved, subprogram will terminate
subcomponent_parent.adb:4:16: warning: unused variable "V"
subcomponent_parent.adb:4:64: info: postcondition proved (altergo: 1 VC)
subcomponent_parent.adb:6:37: info: precondition proved (Trivial: 1 VC)
subcomponent_parent.adb:16:06: warning: unused variable "R"
traverse_access.adb:4:13: error: "F" might include a recursive call due to a type invariant or subtype predicate, or there might be a cycle in the elaboration of the enclosing unit
traverse_access.adb:4:13: error: unsupported recursive subprogram
traverse_access.adb:4:13: info: implicit aspect Always_Terminates on "F" has been proved, subprogram will terminate
traverse_access.adb:4:16: warning: unused variable "V"
traverse_access.adb:4:64: info: postcondition proved (CVC5: 1 VC)
traverse_access.adb:6:37: info: precondition proved (Trivial: 1 VC)
traverse_access.adb:16:06: info: absence of resource or memory leak at end of scope proved (CVC5: 1 VC)
unch_conversion.adb:6:13: error: "F" might include a recursive call due to a type invariant or subtype predicate, or there might be a cycle in the elaboration of the enclosing unit
unch_conversion.adb:6:13: error: unsupported recursive subprogram
unch_conversion.adb:6:13: info: implicit aspect Always_Terminates on "F" has been proved, subprogram will terminate
unch_conversion.adb:6:65: info: postcondition proved (CVC5: 1 VC)
unch_conversion.adb:8:37: info: precondition proved (Trivial: 1 VC)
unch_conversion.adb:10:13: error: "Conv" might include a recursive call due to a type invariant or subtype predicate, or there might be a cycle in the elaboration of the enclosing unit
unch_conversion.adb:10:13: error: unsupported recursive subprogram
unch_conversion.adb:10:13: high: types used for unchecked conversion do not have the same size [possible explanation: type T doesn't have a Size representation clause or aspect]
unch_conversion.adb:10:51: high: type is unsuitable for unchecked conversion [possible explanation: type T doesn't have a Size representation clause or aspect]
unch_conversion.adb:10:54: high: type is unsuitable as a target for unchecked conversion [possible explanation: type R has invariants or predicates]
gnatprove: error during flow analysis and proof
