loops.adb:8:13: error: non-scalar object declared before loop-invariant is not yet supported
loops.adb:164:20: error: non-scalar object declared before loop-invariant is not yet supported
gnatprove: error during flow analysis and proof
