test_list.adb:30:41: error: call to a function annotated with "At_End_Borrow" shall not occur inside a reference to the 'Old or 'Loop_Entry attributes
gnatprove: error during flow analysis and proof
