polyorb_hi-epoch.adb:43:15: info: implicit aspect Always_Terminates on "System_Startup_Time" has been proved, subprogram will terminate
polyorb_hi-epoch.adb:51:04: info: initialization of "Epoch_Data" constituent of "Elaborated_Variables" proved
polyorb_hi-epoch.adb:85:16: medium: range check might fail [reason for check: input value must fit in parameter type] [provers reached step limit before completing the proof]
polyorb_hi-epoch.adb:85:31: info: range check proved (CVC5: 1 VC)
polyorb_hi-epoch.ads:40:08: info: flow dependencies proved
polyorb_hi-epoch.ads:43:14: warning: "Epoch_Data" constituent of "Elaborated_Variables" is not modified, could be INPUT
polyorb_hi-epoch.ads:43:35: info: initialization of "SST" proved
polyorb_hi-epoch.ads:44:11: info: data dependencies proved
polyorb_hi-epoch.ads:48:11: info: data dependencies proved
polyorb_hi-suspenders.ads:41:27: info: initialization of "Suspenders.Elaborated_Variables" proved
polyorb_hi-suspenders.ads:46:08: info: flow dependencies proved
polyorb_hi-transport_low_level.ads:50:13: error: consider using the Side_Effects aspect
polyorb_hi-transport_low_level.ads:50:13: error: function "Send" with output global "Elaborated_Variables" is not allowed in SPARK (SPARK RM 6.1(6)) [E0005]
polyorb_hi-transport_low_level.ads:50:13: error: launch "gnatprove --explain=E0005" for more information
polyorb_hi-transport_low_level.ads:50:13: error: violation of pragma SPARK_Mode at polyorb-hi-ada/gnat.adc:19
polyorb_hi_generated-activity.adb:98:03: error: "Producer_Destinations" is not allowed in SPARK (due to attribute "Address" outside an attribute definition clause)
polyorb_hi_generated-activity.adb:98:03: error: violation of pragma SPARK_Mode at polyorb-hi-ada/gnat.adc:19
polyorb_hi_generated-activity.adb:100:06: error: attribute "Address" outside an attribute definition clause is not allowed in SPARK (SPARK RM 13.7(2)) [E0002]
polyorb_hi_generated-activity.adb:100:06: error: launch "gnatprove --explain=E0002" for more information
polyorb_hi_generated-activity.adb:100:06: error: violation of pragma SPARK_Mode at polyorb-hi-ada/gnat.adc:19
polyorb_hi_generated-activity.adb:102:03: error: function "Get_Time_Stamp" with volatile input global "Elaborated_Variables" with effective reads is not allowed in SPARK (SPARK RM 6.1(6)) [E0005]
polyorb_hi_generated-activity.adb:102:03: error: function "Send_Output" with volatile input global "Elaborated_Variables" with effective reads is not allowed in SPARK (SPARK RM 6.1(6)) [E0005]
polyorb_hi_generated-activity.adb:102:03: error: instantiation error at polyorb_hi-thread_interrogators.ads:150
polyorb_hi_generated-activity.adb:102:03: error: instantiation error at polyorb_hi-thread_interrogators.ads:214
polyorb_hi_generated-activity.adb:102:03: error: launch "gnatprove --explain=E0005" for more information
polyorb_hi_generated-activity.adb:102:03: error: launch "gnatprove --explain=E0005" for more information
polyorb_hi_generated-activity.adb:102:03: error: violation of pragma SPARK_Mode at polyorb-hi-ada/gnat.adc:19
polyorb_hi_generated-activity.adb:102:03: error: violation of pragma SPARK_Mode at polyorb-hi-ada/gnat.adc:19
polyorb_hi_generated-activity.adb:121:23: error: "Producer_Destinations" is not allowed in SPARK (due to attribute "Address" outside an attribute definition clause)
polyorb_hi_generated-activity.adb:121:23: error: violation of pragma SPARK_Mode at polyorb-hi-ada/gnat.adc:19
polyorb_hi_generated-activity.adb:193:03: error: function "Get_Time_Stamp" with volatile input global "Elaborated_Variables" with effective reads is not allowed in SPARK (SPARK RM 6.1(6)) [E0005]
polyorb_hi_generated-activity.adb:193:03: error: function "Send_Output" with volatile input global "Elaborated_Variables" with effective reads is not allowed in SPARK (SPARK RM 6.1(6)) [E0005]
polyorb_hi_generated-activity.adb:193:03: error: instantiation error at polyorb_hi-thread_interrogators.ads:150
polyorb_hi_generated-activity.adb:193:03: error: instantiation error at polyorb_hi-thread_interrogators.ads:214
polyorb_hi_generated-activity.adb:193:03: error: launch "gnatprove --explain=E0005" for more information
polyorb_hi_generated-activity.adb:193:03: error: launch "gnatprove --explain=E0005" for more information
polyorb_hi_generated-activity.adb:193:03: error: violation of pragma SPARK_Mode at polyorb-hi-ada/gnat.adc:19
polyorb_hi_generated-activity.adb:193:03: error: violation of pragma SPARK_Mode at polyorb-hi-ada/gnat.adc:19
polyorb_hi_generated-activity.adb:237:06: error: "Send_Output" is not allowed in SPARK (due to function with global outputs)
polyorb_hi_generated-activity.adb:237:06: error: violation of pragma SPARK_Mode at polyorb-hi-ada/gnat.adc:19
polyorb_hi_generated-activity.adb:288:16: error: "Send_Output" is not allowed in SPARK (due to function with global outputs)
polyorb_hi_generated-activity.adb:288:16: error: violation of pragma SPARK_Mode at polyorb-hi-ada/gnat.adc:19
polyorb_hi_generated-activity.adb:390:16: error: "Get_Time_Stamp" is not allowed in SPARK (due to function with global outputs)
polyorb_hi_generated-activity.adb:390:16: error: violation of pragma SPARK_Mode at polyorb-hi-ada/gnat.adc:19
polyorb_hi_generated-activity.adb:459:16: error: "Send_Output" is not allowed in SPARK (due to function with global outputs)
polyorb_hi_generated-activity.adb:459:16: error: violation of pragma SPARK_Mode at polyorb-hi-ada/gnat.adc:19
polyorb_hi_generated-activity.adb:561:15: error: "Get_Time_Stamp" is not allowed in SPARK (due to function with global outputs)
polyorb_hi_generated-activity.adb:561:15: error: violation of pragma SPARK_Mode at polyorb-hi-ada/gnat.adc:19
polyorb_hi_generated-activity.ads:102:03: warning: in instantiation at polyorb_hi-periodic_task.ads:74
polyorb_hi_generated-activity.ads:102:03: warning: pragma "Storage_Size" ignored (not yet supported) [ignored-pragma]
polyorb_hi_generated-activity.ads:192:03: warning: in instantiation at polyorb_hi-periodic_task.ads:74
polyorb_hi_generated-activity.ads:192:03: warning: pragma "Storage_Size" ignored (not yet supported) [ignored-pragma]
pr_a.adb:22:20: info: range check proved (CVC5: 2 VC)
pr_a.adb:25:33: medium: "polyorb_hi.transport_low_level.nodes" might not be initialized after elaboration of main program "pr_A"
gnatprove: error during flow analysis and proof
