proof_in_legal.adb:16:22: warning: assertion might fail, requires Var = 0
proof_in_legal.adb:18:14: warning: overflow check might fail
proof_in_legal.ads:16:22: info: postcondition proved
proof_in_illegal.adb:8:43: export "Error_Derived_From_Proof_In" must not depend on Proof_In "Body_Var" (SPARK RM 6.1.4(17))
proof_in_illegal.adb:9:43: export "Error_Derived_From_Proof_In" must not depend on Proof_In "Var" (SPARK RM 6.1.4(17))
proof_in_illegal.adb:20:43: warning: unused global "Body_Var"
proof_in_illegal.adb:21:43: warning: unused global "Var"
   compilation of proof_in_illegal.adb failed


gnatprove: error during flow analysis and proof
gprbuild: *** compilation phase failed
proof_in_illegal_2.adb:8:42: export "X" must not depend on Proof_In "Body_Var" (SPARK RM 6.1.4(17))
proof_in_illegal_2.adb:10:07: warning: initialization has no effect
   compilation of proof_in_illegal_2.adb failed


gnatprove: error during flow analysis and proof
gprbuild: *** compilation phase failed
