pkg.ads:10:09: error: type invariant on tagged types is not yet supported
pkg.ads:10:09: error: type invariant on tagged types is not yet supported
gnatprove: error during flow analysis and proof
