concurrent.ads:11:04: error: pragma Annotate Skip_Proof must immediately follow the declaration of task Some_Task
concurrent.ads:21:07: error: pragma Annotate Skip_Proof must immediately follow the declaration of entry Other_Fake_Entry
gnatprove: error during flow analysis and proof
