t.adb:26:07: sequential elaboration supported only in restricted profile
t.adb:27:07: sequential elaboration supported only in restricted profile
t.adb:28:07: sequential elaboration supported only in restricted profile
   compilation of t.adb failed


gnatprove: error during generation of Global contracts
t.adb:26:07: from profile "Ravenscar" at test2.adc:2
t.adb:26:07: violation of restriction "No_Task_Hierarchy"
t.adb:27:07: from profile "Ravenscar" at test2.adc:2
t.adb:27:07: violation of restriction "No_Task_Hierarchy"
t.adb:28:07: from profile "Ravenscar" at test2.adc:2
t.adb:28:07: violation of restriction "No_Task_Hierarchy"
   compilation of t.adb failed


gnatprove: error during generation of Global contracts
t.adb:26:12: tasking in SPARK requires Ravenscar profile (SPARK RM 9(2))
t.adb:26:12: violation of pragma SPARK_Mode at test3.adc:1
t.adb:27:12: tasking in SPARK requires Ravenscar profile (SPARK RM 9(2))
t.adb:27:12: violation of pragma SPARK_Mode at test3.adc:1
t.adb:28:12: tasking in SPARK requires Ravenscar profile (SPARK RM 9(2))
t.adb:28:12: violation of pragma SPARK_Mode at test3.adc:1
t.adb:30:07: tasking in SPARK requires Ravenscar profile (SPARK RM 9(2))
t.adb:30:07: violation of pragma SPARK_Mode at test3.adc:1
t.adb:39:07: tasking in SPARK requires Ravenscar profile (SPARK RM 9(2))
t.adb:39:07: violation of pragma SPARK_Mode at test3.adc:1
t.adb:48:07: tasking in SPARK requires Ravenscar profile (SPARK RM 9(2))
t.adb:48:07: violation of pragma SPARK_Mode at test3.adc:1
t.adb:58:07: tasking in SPARK requires Ravenscar profile (SPARK RM 9(2))
t.adb:58:07: violation of pragma SPARK_Mode at test3.adc:1
t.adb:61:07: tasking in SPARK requires Ravenscar profile (SPARK RM 9(2))
t.adb:61:07: violation of pragma SPARK_Mode at test3.adc:1
   compilation of t.adb failed


gnatprove: error during flow analysis and proof
po_t.ads:14:14: aspect "Part_Of" must apply to package instantiation, object, single protected type or single task type
   compilation of po_t.adb failed


gnatprove: error during generation of Global contracts
po_t2.ads:14:14: aspect "Part_Of" must apply to package instantiation, object, single protected type or single task type
   compilation of po_t2.adb failed


gnatprove: error during generation of Global contracts
po_t3.adb:1:14: body of package "PO_T3" has unused hidden states
po_t3.adb:1:14: variable "P_Int" defined at line 17
   compilation of po_t3.adb failed


gnatprove: error during generation of Global contracts
