discr.adb:13:07: component not present in subtype of "R" defined at line 10
discr.adb:13:07: component not present in subtype of "R" defined at line 11
discr.adb:13:07: error in inlined body at line 8
discr.adb:13:07: error in inlined body at line 8
discr.adb:13:07: static expression fails Constraint_Check
discr.adb:13:07: static expression fails Constraint_Check
   compilation of discr.adb failed


gnatprove: error during flow analysis and proof
gprbuild: *** compilation phase failed
