alias_aggregate.adb:19:08: error: "Z" is not allowed in SPARK (due to duplicate value of a type with ownership)
alias_aggregate.adb:19:08: error: violation of aspect SPARK_Mode at line 1
alias_aggregate.adb:19:36: error: duplicate value of a type with ownership is not allowed in SPARK (SPARK RM 3.10)
alias_aggregate.adb:19:36: error: singleton choice required to prevent aliasing
alias_aggregate.adb:19:36: error: violation of aspect SPARK_Mode at line 1
incomplete_types.ads:10:20: medium: assertion might fail [provers reached step limit before completing the proof]
gnatprove: error during flow analysis and proof
