test_tagged_records.adb:12:12: error: subtype predicate on a classwide type is not yet supported
gnatprove: error during flow analysis and proof
