p.ads:7:41: error: expected type "Object" defined at line 2
p.ads:7:41: error: found type "Child" defined at line 9
gnatprove: error during generation of Global contracts
