main.adb:3:04: "T" is not allowed in SPARK
main.adb:3:04: error in inlined body at p.ads:9
main.adb:3:04: violation of pragma SPARK_Mode at test.adc:1
main.adb:5:09: "T" is not allowed in SPARK
main.adb:5:09: error in inlined body at p.ads:9
main.adb:5:09: violation of pragma SPARK_Mode at test.adc:1
p.adb:4:07: "T" is not allowed in SPARK
p.adb:4:07: violation of pragma SPARK_Mode at test.adc:1
p.adb:4:25: "T" is not allowed in SPARK
p.adb:4:25: violation of pragma SPARK_Mode at test.adc:1
p.adb:5:07: "T" is not allowed in SPARK
p.adb:5:07: violation of pragma SPARK_Mode at test.adc:1
p.ads:5:09: dynamic type predicate is not allowed in SPARK
p.ads:5:09: dynamic type predicate is not allowed in SPARK
p.ads:5:09: violation of pragma SPARK_Mode at test.adc:1
p.ads:5:09: violation of pragma SPARK_Mode at test.adc:1
   compilation of main.adb failed
   compilation of p.adb failed


gnatprove: error during analysis and translation to intermediate language, aborting.
gprbuild: *** compilation phase failed
