Phase 1 of 2: generation of Global contracts ...
broken.adb:1:14: error: missing body for "Dummy" declared at broken.ads:3
gnatprove: error during generation of Global contracts
