c3900050.adb:18:76: medium: overflow check might fail, cannot prove upper bound for Display_Count_For (A.Display_On) + 1 [reason for check: result of addition must fit in a 32-bits machine integer] [possible fix: subprogram at c3900050.ads:74 should mention A and Display_Count_For in a precondition]
c3900050.ads:55:33: warning: assuming "Time_Of" has no effect on global items
c3900050.ads:55:33: warning: no Global contract available for "Time_Of"
c3900050.ads:57:33: warning: assuming "Time_Of" has no effect on global items
c3900050.ads:57:33: warning: no Global contract available for "Time_Of"
c3900050.ads:84:13: info: implicit terminating annotation on "Get_Time" has been proved, subprogram will terminate
c3900050.ads:86:13: info: implicit terminating annotation on "Get_Display" has been proved, subprogram will terminate
c3900050.ads:88:13: info: implicit terminating annotation on "Initial_Values_Okay" has been proved, subprogram will terminate
c3900050.ads:91:13: info: implicit terminating annotation on "Bad_Final_Values" has been proved, subprogram will terminate
c3900051.adb:40:07: medium: implicit terminating annotation on "Initial_Values_Okay" could be incorrect, dispatching call might be nonterminating
c3900051.adb:48:07: medium: implicit terminating annotation on "Bad_Final_Values" could be incorrect, dispatching call might be nonterminating
c3900051.ads:68:13: info: implicit terminating annotation on "Get_Level" has been proved, subprogram will terminate
c3900052.adb:36:07: medium: implicit terminating annotation on "Initial_Values_Okay" could be incorrect, dispatching call might be nonterminating
c3900052.adb:44:07: medium: implicit terminating annotation on "Bad_Final_Values" could be incorrect, dispatching call might be nonterminating
c3900053.adb:98:10: warning: assuming "TEST" always returns
c3900053.adb:98:10: warning: no returning annotation available for "TEST"
c3900053.adb:106:10: info: initialization of "Alarm" proved
c3900053.adb:109:19: medium: precondition might fail
c3900053.adb:109:19: warning: assuming "FAILED" always returns
c3900053.adb:109:19: warning: no returning annotation available for "FAILED"
c3900053.adb:115:19: medium: precondition might fail
c3900053.adb:115:19: warning: assuming "FAILED" always returns
c3900053.adb:115:19: warning: no returning annotation available for "FAILED"
c3900053.adb:127:13: medium: precondition might fail
c3900053.adb:127:13: warning: assuming "FAILED" always returns
c3900053.adb:127:13: warning: no returning annotation available for "FAILED"
c3900053.adb:134:10: info: initialization of "Low_Alarm" proved
c3900053.adb:138:19: medium: precondition might fail
c3900053.adb:138:19: warning: assuming "FAILED" always returns
c3900053.adb:138:19: warning: no returning annotation available for "FAILED"
c3900053.adb:144:19: medium: precondition might fail
c3900053.adb:144:19: warning: assuming "FAILED" always returns
c3900053.adb:144:19: warning: no returning annotation available for "FAILED"
c3900053.adb:156:13: medium: precondition might fail
c3900053.adb:156:13: warning: assuming "FAILED" always returns
c3900053.adb:156:13: warning: no returning annotation available for "FAILED"
c3900053.adb:163:10: info: initialization of "Medium_Alarm" proved
c3900053.adb:167:19: medium: precondition might fail
c3900053.adb:167:19: warning: assuming "FAILED" always returns
c3900053.adb:167:19: warning: no returning annotation available for "FAILED"
c3900053.adb:173:19: medium: precondition might fail
c3900053.adb:173:19: warning: assuming "FAILED" always returns
c3900053.adb:173:19: warning: no returning annotation available for "FAILED"
c3900053.adb:185:13: medium: precondition might fail
c3900053.adb:185:13: warning: assuming "FAILED" always returns
c3900053.adb:185:13: warning: no returning annotation available for "FAILED"
c3900053.adb:189:10: warning: assuming "RESULT" always returns
c3900053.adb:189:10: warning: no returning annotation available for "RESULT"
c3900060.adb:18:76: medium: overflow check might fail, cannot prove upper bound for Display_Count_For (A.Display_On) + 1 [reason for check: result of addition must fit in a 32-bits machine integer] [possible fix: subprogram at c3900060.ads:76 should mention A and Display_Count_For in a precondition]
c3900060.ads:57:33: warning: assuming "Time_Of" has no effect on global items
c3900060.ads:57:33: warning: no Global contract available for "Time_Of"
c3900060.ads:59:33: warning: assuming "Time_Of" has no effect on global items
c3900060.ads:59:33: warning: no Global contract available for "Time_Of"
c3900060.ads:86:13: info: implicit terminating annotation on "Get_Time" has been proved, subprogram will terminate
c3900060.ads:88:13: info: implicit terminating annotation on "Get_Display" has been proved, subprogram will terminate
c3900060.ads:90:13: info: implicit terminating annotation on "Initial_Values_Okay" has been proved, subprogram will terminate
c3900060.ads:93:13: info: implicit terminating annotation on "Bad_Final_Values" has been proved, subprogram will terminate
c3900061.adb:40:07: medium: implicit terminating annotation on "Initial_Values_Okay" could be incorrect, dispatching call might be nonterminating
c3900061.adb:48:07: medium: implicit terminating annotation on "Bad_Final_Values" could be incorrect, dispatching call might be nonterminating
c3900061.ads:69:13: info: implicit terminating annotation on "Get_Level" has been proved, subprogram will terminate
c3900062.adb:37:07: medium: implicit terminating annotation on "Initial_Values_Okay" could be incorrect, dispatching call might be nonterminating
c3900062.adb:45:07: medium: implicit terminating annotation on "Bad_Final_Values" could be incorrect, dispatching call might be nonterminating
c3900063.adb:97:10: warning: assuming "TEST" always returns
c3900063.adb:97:10: warning: no returning annotation available for "TEST"
c3900063.adb:110:10: info: initialization of "Medium_Alarm" proved
c3900063.adb:114:19: medium: precondition might fail
c3900063.adb:114:19: warning: assuming "FAILED" always returns
c3900063.adb:114:19: warning: no returning annotation available for "FAILED"
c3900063.adb:120:19: medium: precondition might fail
c3900063.adb:120:19: warning: assuming "FAILED" always returns
c3900063.adb:120:19: warning: no returning annotation available for "FAILED"
c3900063.adb:132:13: medium: precondition might fail
c3900063.adb:132:13: warning: assuming "FAILED" always returns
c3900063.adb:132:13: warning: no returning annotation available for "FAILED"
c3900063.adb:136:10: warning: assuming "RESULT" always returns
c3900063.adb:136:10: warning: no returning annotation available for "RESULT"
c392004.adb:9:03: info: initialization of "My_Car" proved
c392004.adb:10:03: info: initialization of "Your_Car" proved
c392004.adb:12:13: info: add a contract to analyze it separately from calling contexts
c392004.adb:12:13: info: local subprogram "TC_Assert" only analyzed in the context of calls
c392004.adb:12:13: warning: subprogram "TC_Assert" has no effect
c392004.adb:15:13: medium: precondition might fail, in call inlined at c392004.adb:26
c392004.adb:15:13: medium: precondition might fail, in call inlined at c392004.adb:29
c392004.adb:15:13: medium: precondition might fail, in call inlined at c392004.adb:33
c392004.adb:15:13: medium: precondition might fail, in call inlined at c392004.adb:36
c392004.adb:15:13: medium: precondition might fail, in call inlined at c392004.adb:40
c392004.adb:15:13: medium: precondition might fail, in call inlined at c392004.adb:43
c392004.adb:15:13: medium: precondition might fail, in call inlined at c392004.adb:47
c392004.adb:15:13: medium: precondition might fail, in call inlined at c392004.adb:50
c392004.adb:15:13: medium: precondition might fail, in call inlined at c392004.adb:54
c392004.adb:15:13: medium: precondition might fail, in call inlined at c392004.adb:57
c392004.adb:15:13: warning: assuming "FAILED" always returns
c392004.adb:15:13: warning: no returning annotation available for "FAILED"
c392004.adb:21:09: warning: assuming "TEST" always returns
c392004.adb:21:09: warning: no returning annotation available for "TEST"
c392004.adb:26:03: info: analyzing call to "TC_Assert" in context
c392004.adb:29:03: info: analyzing call to "TC_Assert" in context
c392004.adb:33:03: info: analyzing call to "TC_Assert" in context
c392004.adb:36:03: info: analyzing call to "TC_Assert" in context
c392004.adb:40:03: info: analyzing call to "TC_Assert" in context
c392004.adb:43:03: info: analyzing call to "TC_Assert" in context
c392004.adb:47:03: info: analyzing call to "TC_Assert" in context
c392004.adb:50:03: info: analyzing call to "TC_Assert" in context
c392004.adb:54:03: info: analyzing call to "TC_Assert" in context
c392004.adb:57:03: info: analyzing call to "TC_Assert" in context
c392004.adb:59:09: warning: assuming "RESULT" always returns
c392004.adb:59:09: warning: no returning annotation available for "RESULT"
c392004_1.adb:8:16: medium: precondition might fail
c392004_1.adb:8:16: warning: assuming "FAILED" always returns
c392004_1.adb:8:16: warning: no returning annotation available for "FAILED"
c392004_1.ads:56:22: info: initialization of "The_Vehicle" proved
c392004_1.ads:57:22: warning: unused initial value of "The_Vehicle"
c392004_2.adb:11:28: medium: precondition might fail
c392004_2.adb:11:28: warning: assuming "FAILED" always returns
c392004_2.adb:11:28: warning: no returning annotation available for "FAILED"
c392004_2.adb:21:28: medium: precondition might fail
c392004_2.adb:21:28: warning: assuming "FAILED" always returns
c392004_2.adb:21:28: warning: no returning annotation available for "FAILED"
c392004_2.ads:14:21: info: initialization of "The_Car" proved
c392004_2.ads:18:21: info: initialization of "The_Limo" proved
c392008.adb:50:10: warning: assuming "TEST" always returns
c392008.adb:50:10: warning: no returning annotation available for "TEST"
c392008.adb:57:04: info: no contextual analysis of "New_Account" (possible check on input parameters)
c392008.adb:57:17: high: "B_Acct.Current_Balance" is not initialized
c392008.adb:58:17: high: "C_Acct.Current_Balance" is not initialized
c392008.adb:58:17: high: "C_Acct.Overdraft_Fee" is not initialized
c392008.adb:59:17: high: "IC_Acct.Current_Balance" is not initialized
c392008.adb:59:17: high: "IC_Acct.Overdraft_Fee" is not initialized
c392008.adb:59:17: high: "IC_Acct.Rate" is not initialized
c392008.adb:65:13: medium: precondition might fail
c392008.adb:65:13: warning: assuming "FAILED" always returns
c392008.adb:65:13: warning: no returning annotation available for "FAILED"
c392008.adb:69:04: info: no contextual analysis of "Annual_Interest" (possible check on input parameters)
c392008.adb:78:13: medium: precondition might fail
c392008.adb:78:13: warning: assuming "FAILED" always returns
c392008.adb:78:13: warning: no returning annotation available for "FAILED"
c392008.adb:82:04: info: no contextual analysis of "Apply_Service_Charge" (possible check on input parameters)
c392008.adb:92:13: medium: precondition might fail
c392008.adb:92:13: warning: assuming "FAILED" always returns
c392008.adb:92:13: warning: no returning annotation available for "FAILED"
c392008.adb:95:10: warning: assuming "RESULT" always returns
c392008.adb:95:10: warning: no returning annotation available for "RESULT"
c392008_0.adb:11:46: medium: overflow check might fail, cannot prove lower bound for A.Current_Balance + X [reason for check: result of addition must fit in a 16-bits machine integer] [possible fix: subprogram at c392008_0.ads:152 should mention A and X in a precondition]
c392008_0.adb:11:46: medium: range check might fail, cannot prove lower bound for A.Current_Balance + X [reason for check: result of addition must fit in the target type of the assignment] [possible fix: subprogram at c392008_0.ads:152 should mention A and X in a precondition]
c392008_0.adb:17:46: medium: overflow check might fail, cannot prove lower bound for A.Current_Balance - X [reason for check: result of subtraction must fit in a 16-bits machine integer] [possible fix: subprogram at c392008_0.ads:154 should mention A and X in a precondition]
c392008_0.adb:17:46: medium: range check might fail, cannot prove lower bound for A.Current_Balance - X [reason for check: result of subtraction must fit in the target type of the assignment] [possible fix: subprogram at c392008_0.ads:154 should mention A and X in a precondition]
c392008_0.adb:27:46: medium: range check might fail, cannot prove lower bound for A.Current_Balance - 5_00 [reason for check: result of subtraction must fit in the target type of the assignment] [possible fix: subprogram at c392008_0.ads:157 should mention A in a precondition]
c392008_0.adb:33:46: info: overflow check proved (CVC5: 2 VC)
c392008_0.adb:33:46: info: range check proved (CVC5: 2 VC)
c392008_0.ads:156:14: info: implicit terminating annotation on "Balance" has been proved, subprogram will terminate
c392008_0.ads:159:30: warning: unused initial value of "A"
c392008_1.ads:19:20: warning: unused initial value of "A"
c392008_2.ads:26:14: error: "Current_Rate" is an Input of overriding subprogram, but it is not an Input of overridden subprogram "Open" at c392008_1.ads:19 (SPARK RM 6.1.6)
cc1311a.adb:101:22: info: precondition proved (CVC5: 1 VC), in instantiation at cc1311a.adb:387
cc1311a.adb:137:22: info: precondition proved (CVC5: 1 VC), in instantiation at cc1311a.adb:396
cc1311a.adb:190:11: info: initialization of "RESULTS" proved, in instantiation at cc1311a.adb:414
cc1311a.adb:199:22: info: precondition proved (CVC5: 1 VC), in instantiation at cc1311a.adb:414
cc1311a.adb:226:11: info: initialization of "RESULTS" proved, in instantiation at cc1311a.adb:423
cc1311a.adb:235:22: info: precondition proved (CVC5: 1 VC), in instantiation at cc1311a.adb:423
cc1311a.adb:261:11: info: initialization of "RESULTS" proved, in instantiation at cc1311a.adb:432
cc1311a.adb:279:17: info: range check proved (CVC5: 2 VC), in instantiation at cc1311a.adb:441
cc1311a.adb:290:14: info: range check proved (CVC5: 2 VC), in instantiation at cc1311a.adb:442
cc1311a.adb:291:22: info: precondition proved (CVC5: 1 VC), in instantiation at cc1311a.adb:442
cc1311a.adb:302:14: info: range check proved (CVC5: 2 VC), in instantiation at cc1311a.adb:443
cc1311a.adb:303:22: info: precondition proved (CVC5: 1 VC), in instantiation at cc1311a.adb:443
cc1311a.adb:315:11: info: initialization of "RESULTS" proved, in instantiation at cc1311a.adb:445
cc1311a.adb:317:11: info: range check proved (CVC5: 2 VC), in instantiation at cc1311a.adb:445
cc1311a.adb:328:11: info: initialization of "RESULTS" proved, in instantiation at cc1311a.adb:446
cc1311a.adb:330:11: info: range check proved (CVC5: 2 VC), in instantiation at cc1311a.adb:446
cc1311a.adb:332:23: info: precondition proved (CVC5: 1 VC), in instantiation at cc1311a.adb:446
cc1311a.adb:343:11: info: initialization of "RESULTS" proved, in instantiation at cc1311a.adb:447
cc1311a.adb:345:11: info: range check proved (CVC5: 2 VC), in instantiation at cc1311a.adb:447
cc1311a.adb:347:22: info: precondition proved (CVC5: 1 VC), in instantiation at cc1311a.adb:447
cc1311a.adb:352:15: info: add a contract to analyze it separately from calling contexts
cc1311a.adb:352:15: info: implicit terminating annotation on "F1" has been proved, subprogram will terminate
cc1311a.adb:352:15: info: local subprogram "F1" only analyzed in the context of calls
cc1311a.adb:357:16: info: add a contract to analyze it separately from calling contexts
cc1311a.adb:357:16: info: local subprogram "P2" only analyzed in the context of calls
cc1311a.adb:357:20: info: initialization of "OUTVAR" proved
cc1311a.adb:362:15: info: add a contract to analyze it separately from calling contexts
cc1311a.adb:362:15: info: implicit terminating annotation on "TD_FUNC" has been proved, subprogram will terminate
cc1311a.adb:362:15: info: local subprogram "TD_FUNC" only analyzed in the context of calls
cc1311a.adb:375:16: info: add a contract to analyze it separately from calling contexts
cc1311a.adb:375:16: info: local subprogram "TD_PROC" only analyzed in the context of calls
cc1311a.adb:380:25: info: initialization of "OUTPUT" proved
cc1311a.adb:387:06: info: analyzing call to "TD_FUNC" in context
cc1311a.adb:387:06: info: in instantiation at line 98
cc1311a.adb:387:06: warning: assuming "FAILED" always returns
cc1311a.adb:387:06: warning: in instantiation at line 101
cc1311a.adb:387:06: warning: no returning annotation available for "FAILED"
cc1311a.adb:387:16: warning: subprogram "NEW_PROC_WITH_3D_FUNC" has no effect
cc1311a.adb:396:06: info: analyzing call to "TD_FUNC" in context
cc1311a.adb:396:06: info: in instantiation at line 134
cc1311a.adb:396:06: warning: assuming "FAILED" always returns
cc1311a.adb:396:06: warning: assuming "TEST" always returns
cc1311a.adb:396:06: warning: in instantiation at line 129
cc1311a.adb:396:06: warning: in instantiation at line 137
cc1311a.adb:396:06: warning: no returning annotation available for "FAILED"
cc1311a.adb:396:06: warning: no returning annotation available for "TEST"
cc1311a.adb:405:07: info: analyzing call to "TD_FUNC" in context
cc1311a.adb:405:07: info: in instantiation at line 164
cc1311a.adb:405:16: info: implicit terminating annotation on "NEW_FUNC_WITH_3D_FUNC" has been proved, subprogram will terminate
cc1311a.adb:414:06: info: analyzing call to "TD_PROC" in context
cc1311a.adb:414:06: info: in instantiation at line 194
cc1311a.adb:414:06: warning: assuming "FAILED" always returns
cc1311a.adb:414:06: warning: in instantiation at line 199
cc1311a.adb:414:06: warning: no returning annotation available for "FAILED"
cc1311a.adb:414:16: warning: subprogram "NEW_PROC_WITH_3D_PROC" has no effect
cc1311a.adb:423:06: info: analyzing call to "TD_PROC" in context
cc1311a.adb:423:06: info: in instantiation at line 230
cc1311a.adb:423:06: warning: assuming "FAILED" always returns
cc1311a.adb:423:06: warning: in instantiation at line 235
cc1311a.adb:423:06: warning: no returning annotation available for "FAILED"
cc1311a.adb:432:06: info: analyzing call to "TD_PROC" in context
cc1311a.adb:432:06: info: in instantiation at line 265
cc1311a.adb:432:15: info: implicit terminating annotation on "NEW_FUNC_WITH_3D_PROC" has been proved, subprogram will terminate
cc1311a.adb:441:06: info: analyzing call to "F1" in context
cc1311a.adb:441:06: info: in instantiation at line 279
cc1311a.adb:441:16: info: implicit terminating annotation on "NFUNC1" has been proved, subprogram will terminate
cc1311a.adb:442:06: info: analyzing call to "F1" in context
cc1311a.adb:442:06: info: in instantiation at line 290
cc1311a.adb:442:06: warning: assuming "FAILED" always returns
cc1311a.adb:442:06: warning: in instantiation at line 291
cc1311a.adb:442:06: warning: no returning annotation available for "FAILED"
cc1311a.adb:443:06: info: analyzing call to "F1" in context
cc1311a.adb:443:06: info: in instantiation at line 302
cc1311a.adb:443:06: warning: assuming "FAILED" always returns
cc1311a.adb:443:06: warning: in instantiation at line 303
cc1311a.adb:443:06: warning: no returning annotation available for "FAILED"
cc1311a.adb:443:16: warning: subprogram "NPROC1" has no effect
cc1311a.adb:445:06: info: analyzing call to "P2" in context
cc1311a.adb:445:06: info: in instantiation at line 317
cc1311a.adb:445:16: info: implicit terminating annotation on "NFUNC2" has been proved, subprogram will terminate
cc1311a.adb:446:06: info: analyzing call to "P2" in context
cc1311a.adb:446:06: info: in instantiation at line 330
cc1311a.adb:446:06: warning: assuming "FAILED" always returns
cc1311a.adb:446:06: warning: in instantiation at line 332
cc1311a.adb:446:06: warning: no returning annotation available for "FAILED"
cc1311a.adb:447:06: info: analyzing call to "P2" in context
cc1311a.adb:447:06: info: in instantiation at line 345
cc1311a.adb:447:06: warning: assuming "FAILED" always returns
cc1311a.adb:447:06: warning: in instantiation at line 347
cc1311a.adb:447:06: warning: no returning annotation available for "FAILED"
cc1311a.adb:447:16: warning: subprogram "NPROC2" has no effect
cc1311a.adb:452:17: medium: precondition might fail
cc1311a.adb:452:17: warning: assuming "FAILED" always returns
cc1311a.adb:452:17: warning: no returning annotation available for "FAILED"
cc1311a.adb:457:17: medium: precondition might fail
cc1311a.adb:457:17: warning: assuming "FAILED" always returns
cc1311a.adb:457:17: warning: no returning annotation available for "FAILED"
cc1311a.adb:467:17: medium: precondition might fail
cc1311a.adb:467:17: warning: assuming "FAILED" always returns
cc1311a.adb:467:17: warning: no returning annotation available for "FAILED"
cc1311a.adb:474:17: medium: precondition might fail
cc1311a.adb:474:17: warning: assuming "FAILED" always returns
cc1311a.adb:474:17: warning: no returning annotation available for "FAILED"
cc1311a.adb:478:12: warning: assuming "RESULT" always returns
cc1311a.adb:478:12: warning: no returning annotation available for "RESULT"
report.ads:112:15: info: implicit terminating annotation on "IDENT_INT" has been proved, subprogram will terminate
report.ads:115:18: info: data dependencies proved
report.ads:117:15: info: implicit terminating annotation on "IDENT_CHAR" has been proved, subprogram will terminate
report.ads:121:18: info: data dependencies proved
report.ads:123:15: info: implicit terminating annotation on "IDENT_WIDE_CHAR" has been proved, subprogram will terminate
report.ads:127:18: info: data dependencies proved
report.ads:129:15: info: implicit terminating annotation on "IDENT_BOOL" has been proved, subprogram will terminate
report.ads:132:18: info: data dependencies proved
report.ads:134:15: info: implicit terminating annotation on "IDENT_STR" has been proved, subprogram will terminate
report.ads:137:18: info: data dependencies proved
report.ads:139:15: info: implicit terminating annotation on "IDENT_WIDE_STR" has been proved, subprogram will terminate
report.ads:142:18: info: data dependencies proved
report.ads:144:15: info: implicit terminating annotation on "EQUAL" has been proved, subprogram will terminate
report.ads:148:22: info: data dependencies proved
gnatprove: error during flow analysis and proof
