addr.ads:7:04: high: address in address clause might not be an integral multiple of alignment of object [possible explanation: Y doesn't have an Alignment representation clause or aspect] [possible fix: overlaying object should have an Alignment representation clause]
addr.ads:7:04: info: object is suitable for aliasing via address clause (Trivial)
addr.ads:8:22: info: object is suitable for aliasing via address clause (Trivial)
addr.ads:8:22: info: types of aliased objects have the same size (Trivial)
aspect.ads:5:04: error: "Z" is not allowed in SPARK (due to entity declared with SPARK_Mode Off)
aspect.ads:5:04: error: violation of pragma SPARK_Mode at test.adc:1
aspect.ads:5:32: error: "F" is not allowed in SPARK (due to entity declared with SPARK_Mode Off)
aspect.ads:5:32: error: violation of pragma SPARK_Mode at test.adc:1
attribute.ads:5:04: error: "Z" is not allowed in SPARK (due to entity declared with SPARK_Mode Off)
attribute.ads:5:04: error: violation of pragma SPARK_Mode at test.adc:1
attribute.ads:6:22: error: "F" is not allowed in SPARK (due to entity declared with SPARK_Mode Off)
attribute.ads:6:22: error: violation of pragma SPARK_Mode at test.adc:1
attribute_and_aspect.ads:5:04: error: "Z1" is not allowed in SPARK (due to entity declared with SPARK_Mode Off)
attribute_and_aspect.ads:5:04: error: violation of pragma SPARK_Mode at test.adc:1
attribute_and_aspect.ads:6:23: error: "F" is not allowed in SPARK (due to entity declared with SPARK_Mode Off)
attribute_and_aspect.ads:6:23: error: violation of pragma SPARK_Mode at test.adc:1
attribute_and_aspect.ads:8:04: error: "Z2" is not allowed in SPARK (due to entity declared with SPARK_Mode Off)
attribute_and_aspect.ads:8:04: error: violation of pragma SPARK_Mode at test.adc:1
attribute_and_aspect.ads:8:33: error: "F" is not allowed in SPARK (due to entity declared with SPARK_Mode Off)
attribute_and_aspect.ads:8:33: error: violation of pragma SPARK_Mode at test.adc:1
p.ads:5:22: error: "F" is not allowed in SPARK (due to entity declared with SPARK_Mode Off)
p.ads:5:22: error: violation of pragma SPARK_Mode at test.adc:1
gnatprove: error during flow analysis and proof
