bounded_table.adb:5:33: info: range check proved (CVC5: 2 VC), in instantiation at repro_main.adb:9
bounded_table.adb:16:25: info: refined post proved (CVC5: 1 VC), in instantiation at repro_main.adb:9
bounded_table.adb:26:59: info: range check proved (CVC5: 2 VC), in instantiation at repro_main.adb:9
bounded_table.adb:37:21: info: index check proved (CVC5: 2 VC), in instantiation at repro_main.adb:9
bounded_table.adb:42:25: info: range check proved (CVC5: 1 VC), in instantiation at repro_main.adb:9
bounded_table.adb:42:25: info: range check proved (CVC5: 4 VC), in instantiation at repro_main.adb:9
bounded_table.adb:47:15: info: range check proved (CVC5: 2 VC), in instantiation at repro_main.adb:9
bounded_table.adb:48:25: info: refined post proved (CVC5: 1 VC), in instantiation at repro_main.adb:9
bounded_table.adb:57:46: info: range check proved (CVC5: 2 VC), in instantiation at repro_main.adb:9
bounded_table.adb:58:25: info: index check proved (CVC5: 2 VC), in instantiation at repro_main.adb:9
bounded_table.ads:21:13: info: implicit aspect Always_Terminates on "Model" has been proved, subprogram will terminate, in instantiation at repro_main.adb:9
bounded_table.ads:24:13: info: implicit aspect Always_Terminates on "Empty_Table" has been proved, subprogram will terminate, in instantiation at repro_main.adb:9
bounded_table.ads:25:17: info: postcondition proved (CVC5: 1 VC), in instantiation at repro_main.adb:9
bounded_table.ads:27:13: info: implicit aspect Always_Terminates on "Length" has been proved, subprogram will terminate, in instantiation at repro_main.adb:9
bounded_table.ads:28:17: info: postcondition proved (CVC5: 1 VC), in instantiation at repro_main.adb:9
bounded_table.ads:28:46: info: range check proved (CVC5: 2 VC), in instantiation at repro_main.adb:9
bounded_table.ads:30:13: info: implicit aspect Always_Terminates on "Full" has been proved, subprogram will terminate, in instantiation at repro_main.adb:9
bounded_table.ads:33:13: info: during checks for quantification at bounded_table.ads:73, in instantiation at repro_main.adb:9
bounded_table.ads:33:13: info: implicit aspect Always_Terminates on "First" has been proved, subprogram will terminate, in instantiation at repro_main.adb:9
bounded_table.ads:33:13: info: precondition proved (Trivial: 1 VC), in instantiation at repro_main.adb:9
bounded_table.ads:35:13: info: during checks for quantification at bounded_table.ads:73, in instantiation at repro_main.adb:9
bounded_table.ads:35:13: info: implicit aspect Always_Terminates on "Has_Element" has been proved, subprogram will terminate, in instantiation at repro_main.adb:9
bounded_table.ads:35:13: info: precondition proved (Trivial: 1 VC), in instantiation at repro_main.adb:9
bounded_table.ads:37:13: info: during checks for quantification at bounded_table.ads:73, in instantiation at repro_main.adb:9
bounded_table.ads:37:13: info: implicit aspect Always_Terminates on "Next" has been proved, subprogram will terminate, in instantiation at repro_main.adb:9
bounded_table.ads:37:13: info: precondition proved (CVC5: 2 VC), in instantiation at repro_main.adb:9
bounded_table.ads:39:18: info: postcondition proved (CVC5: 1 VC; Trivial: 1 VC), in instantiation at repro_main.adb:9
bounded_table.ads:42:13: info: during checks for quantification at bounded_table.ads:73, in instantiation at repro_main.adb:9
bounded_table.ads:42:13: info: implicit aspect Always_Terminates on "Member" has been proved, subprogram will terminate, in instantiation at repro_main.adb:9
bounded_table.ads:42:13: info: precondition proved (Trivial: 1 VC), in instantiation at repro_main.adb:9
bounded_table.ads:43:17: info: postcondition proved (CVC5: 2 VC), in instantiation at repro_main.adb:9
bounded_table.ads:46:13: info: during checks for quantification at bounded_table.ads:73, in instantiation at repro_main.adb:9
bounded_table.ads:46:13: info: implicit aspect Always_Terminates on "Element" has been proved, subprogram will terminate, in instantiation at repro_main.adb:9
bounded_table.ads:46:13: info: precondition proved (CVC5: 2 VC), in instantiation at repro_main.adb:9
bounded_table.ads:49:14: info: aspect Always_Terminates on "Push" has been proved, subprogram will terminate, in instantiation at repro_main.adb:9
bounded_table.ads:54:14: info: postcondition proved (CVC5: 4 VC), in instantiation at repro_main.adb:9
bounded_table.ads:54:50: info: overflow check proved (CVC5: 2 VC), in instantiation at repro_main.adb:9
bounded_table.ads:60:13: info: implicit aspect Always_Terminates on "Index_Of" has been proved, subprogram will terminate, in instantiation at repro_main.adb:9
repro_main.adb:4:11: info: aspect Always_Terminates on "Repro_Main" has been proved, subprogram will terminate
repro_main.adb:9:04: error: instantiation error at bounded_table.ads:42
repro_main.adb:9:04: error: iteration primitive shall not be recursive, (including implicitly so)
repro_main.adb:16:13: info: precondition proved (CVC5: 1 VC)
repro_main.adb:17:13: info: precondition proved (CVC5: 1 VC)
repro_main.adb:18:13: info: precondition proved (CVC5: 1 VC)
repro_main.adb:19:13: info: precondition proved (CVC5: 1 VC)
repro_main.adb:20:13: info: precondition proved (CVC5: 1 VC)
repro_main.adb:22:08: info: precondition proved (CVC5: 1 VC)
repro_main.adb:22:08: info: precondition proved (Trivial: 1 VC)
repro_main.adb:23:38: info: precondition proved (CVC5: 2 VC)
repro_main.adb:23:56: warning: references to the "Img" attribute are handled in an imprecise way, so nothing will be known about the evaluation of the attribute reference apart from a bound on its length [imprecise-image]
repro_main.adb:24:28: info: loop variant proved (CVC5: 1 VC)
gnatprove: error during flow analysis and proof
