illegal_mutable_in_parameters.adb:24:04: error: expected 3 arguments
illegal_mutable_in_parameters.adb:24:04: error: wrong number of arguments in "pragma Annotate (GNATprove, Mutable_In_Parameters[, ...])"
illegal_mutable_in_parameters.adb:30:56: error: last argument of "pragma Annotate (GNATprove, Mutable_In_Parameters[, ...])" must be an entity
illegal_mutable_in_parameters.adb:40:28: error: "T" is not allowed in SPARK (due to entity declared with SPARK_Mode Off)
illegal_mutable_in_parameters.adb:40:28: error: violation of aspect SPARK_Mode at line 1
illegal_mutable_in_parameters.adb:52:04: error: Entity parameter of a pragma Annotate "Mutable_In_Parameters" shall be a private type
illegal_mutable_in_parameters.adb:65:04: error: Entity parameter of a pragma Annotate "Mutable_In_Parameters" shall not be tagged
illegal_mutable_in_parameters.adb:78:04: error: Entity parameter of a pragma Annotate "Mutable_In_Parameters" shall not have discriminants
illegal_mutable_in_parameters.adb:90:04: error: the full view of the Entity parameter of a pragma Annotate "Mutable_In_Parameters" shall either be an access-to-variable type or not be visible in SPARK
illegal_mutable_in_parameters.adb:95:04: error: pragma Annotate "Mutable_In_Parameters" must appear just after a subprogram or entry
illegal_mutable_in_parameters.adb:100:04: error: pragma Annotate "Mutable_In_Parameters" must appear just after a subprogram or entry
illegal_mutable_in_parameters.adb:106:04: error: pragma Annotate "Mutable_In_Parameters" cannot appear after function without side effects
illegal_mutable_in_parameters.adb:120:07: error: pragma Annotate "Mutable_In_Parameters" cannot appear after a dispatching operation
illegal_mutable_in_parameters.adb:131:04: error: pragma Annotate "Mutable_In_Parameters" cannot appear after an automatically instantiated lemma
illegal_mutable_in_parameters.adb:133:14: error: procedure annotated with the pragma Automatic_Instantiation shall not have mutable "in" parameters
illegal_mutable_in_parameters.adb:143:04: error: "Bad_Update_13" does not have any "in" parameter of type "T"
gnatprove: error during flow analysis and proof
