tst_str.adb:5:28: error: Constraint_Error would have been raised at run time
tst_str.adb:5:28: error: static value out of range of type "Standard.Positive"
gnatprove: error during generation of Global contracts
