test_raise.adb:2:11: warning: subprogram "Test_Raise" has no effect
test_raise.adb:3:04: info: analyzing call to "Log2_Estimate" in context
test_raise.adb:3:04: info: analyzing call to "Minus_Log2_Estimate" in context
test_raise.adb:3:04: info: in instantiation at a-nbnbre.adb
test_raise.adb:3:04: info: in instantiation at a-nbnbre.adb
test_raise.adb:7:14: warning: subprogram "OK" has no effect
test_raise.adb:19:22: info: assertion proved (CVC5: 1 VC; Trivial: 7 VC)
test_raise.adb:19:41: info: only expected exception raised (CVC5: 1 VC)
test_raise.adb:20:46: info: only expected exception raised (CVC5: 1 VC)
test_raise.adb:22:29: info: only expected exception raised (CVC5: 1 VC)
test_raise.adb:25:56: info: only expected exception raised (CVC5: 1 VC)
test_raise.adb:27:56: info: only expected exception raised (CVC5: 1 VC)
test_raise.adb:30:14: warning: subprogram "KO" has no effect
test_raise.adb:34:22: info: assertion proved (CVC5: 1 VC; Trivial: 7 VC)
test_raise.adb:34:41: medium: unexpected exception might be raised [reason for check: expressions shall not raise exceptions]
test_raise.adb:35:46: medium: unexpected exception might be raised [reason for check: expressions shall not raise exceptions]
test_raise.adb:37:29: medium: unexpected exception might be raised [reason for check: expressions shall not raise exceptions]
test_raise.adb:40:56: medium: unexpected exception might be raised [reason for check: expressions shall not raise exceptions]
test_raise.adb:42:56: medium: unexpected exception might be raised [reason for check: expressions shall not raise exceptions]
test_raise.adb:45:14: warning: subprogram "KO2" has no effect
test_raise.adb:49:10: info: no contextual analysis of "Rand" (body not seen yet)
test_raise.adb:49:10: warning: assuming "Rand" has no effect on global items
test_raise.adb:49:10: warning: no Global contract available for "Rand" [assumed-global-null]
test_raise.adb:50:25: info: assertion proved (CVC5: 1 VC)
test_raise.adb:50:25: medium: unexpected exception might be raised [reason for check: expressions shall not raise exceptions]
test_raise.adb:51:13: info: no contextual analysis of "Rand" (body not seen yet)
test_raise.adb:51:13: warning: assuming "Rand" has no effect on global items
test_raise.adb:51:13: warning: no Global contract available for "Rand" [assumed-global-null]
test_raise.adb:52:34: medium: unexpected exception might be raised [reason for check: expressions shall not raise exceptions]
test_raise.adb:53:13: info: no contextual analysis of "Rand" (body not seen yet)
test_raise.adb:53:13: warning: assuming "Rand" has no effect on global items
test_raise.adb:53:13: warning: no Global contract available for "Rand" [assumed-global-null]
test_raise.adb:54:25: medium: assertion might fail (e.g. when X = 0 and Y = 0) [possible fix: precondition of subprogram at line 45 should mention X and Y]
test_raise.adb:54:47: medium: unexpected exception might be raised [reason for check: expressions shall not raise exceptions]
test_raise.adb:55:13: info: no contextual analysis of "Rand" (body not seen yet)
test_raise.adb:55:13: warning: assuming "Rand" has no effect on global items
test_raise.adb:55:13: warning: no Global contract available for "Rand" [assumed-global-null]
test_raise.adb:56:25: info: assertion proved (Trivial: 2 VC)
test_raise.adb:56:52: medium: unexpected exception might be raised [reason for check: expressions shall not raise exceptions]
test_raise.adb:58:13: info: no contextual analysis of "Rand" (body not seen yet)
test_raise.adb:58:13: warning: assuming "Rand" has no effect on global items
test_raise.adb:58:13: warning: no Global contract available for "Rand" [assumed-global-null]
test_raise.adb:59:48: medium: unexpected exception might be raised [reason for check: expressions shall not raise exceptions]
test_raise.adb:60:30: medium: assertion might fail, cannot prove Y = Integer'(raise Program_Error) (e.g. when Y = 0) [possible fix: precondition of subprogram at line 45 should mention Y]
test_raise.adb:60:43: medium: unexpected exception might be raised [reason for check: expressions shall not raise exceptions]
test_raise.adb:62:25: medium: assertion might fail (e.g. when X = 0 and Y = 0) [possible fix: precondition of subprogram at line 45 should mention X and Y]
test_raise.adb:62:44: medium: unexpected exception might be raised [reason for check: expressions shall not raise exceptions]
test_raise.adb:68:07: info: no contextual analysis of "Rand" (body not seen yet)
test_raise.adb:68:07: warning: assuming "Rand" has no effect on global items
test_raise.adb:68:07: warning: no Global contract available for "Rand" [assumed-global-null]
test_raise.adb:69:07: medium: precondition might fail, cannot prove ((X /= Y) or else raise Program_Error) [possible fix: subprogram at line 2 should mention X and Y in a precondition]
test_raise.adb:70:10: info: no contextual analysis of "Rand" (body not seen yet)
test_raise.adb:70:10: warning: assuming "Rand" has no effect on global items
test_raise.adb:70:10: warning: no Global contract available for "Rand" [assumed-global-null]
test_raise.adb:71:07: medium: precondition might fail, cannot prove raise Program_Error [possible fix: subprogram at line 2 should mention X and Y in a precondition]
test_raise.adb:72:10: info: no contextual analysis of "Rand" (body not seen yet)
test_raise.adb:72:10: warning: assuming "Rand" has no effect on global items
test_raise.adb:72:10: warning: no Global contract available for "Rand" [assumed-global-null]
test_raise.adb:73:07: medium: precondition might fail, cannot prove raise Program_Error [possible fix: subprogram at line 2 should mention X and Y in a precondition]
test_raise.adb:74:10: info: no contextual analysis of "Rand" (body not seen yet)
test_raise.adb:74:10: warning: assuming "Rand" has no effect on global items
test_raise.adb:74:10: warning: no Global contract available for "Rand" [assumed-global-null]
test_raise.adb:75:07: info: precondition proved (CVC5: 5 VC; Trivial: 3 VC)
test_raise.adb:78:19: medium: assertion might fail
test_raise.adb:78:29: info: precondition proved (CVC5: 1 VC)
test_raise_bad.adb:5:15: error: raise expression in a complex expression in a precondition is not yet supported
test_raise_bad.adb:6:29: error: raise expression in a complex expression in a precondition is not yet supported
test_raise_bad.adb:7:37: error: raise expression in a complex expression in a precondition is not yet supported
test_raise_bad.adb:8:39: error: raise expression in a complex expression in a precondition is not yet supported
test_raise_bad.adb:9:41: error: raise expression in a complex expression in a precondition is not yet supported
test_raise_bad.adb:10:21: error: raise expression in a complex expression in a precondition is not yet supported
test_raise_bad.adb:11:28: error: raise expression in a complex expression in a precondition is not yet supported
gnatprove: error during flow analysis and proof
