spark-containers-formal-hashed_sets.ads:202:09: error: "S" is referenced in Post but missing from the Global, in instantiation at term.ads:16
spark-containers-formal-hashed_sets.ads:364:09: error: "S" is referenced in Post but missing from the Global, in instantiation at term.ads:16
spark-containers-formal-hashed_sets.ads:656:06: error: "S" is referenced in Post but missing from the Global, in instantiation at term.ads:16
spark-containers-formal-hashed_sets.ads:1366:06: error: "S" is referenced in Post but missing from the Global, in instantiation at term.ads:16
spark-containers-functional-sets.ads:77:06: error: "S" is referenced in Post but missing from the Global, in instantiation at spark-containers-formal-hashed_sets.ads:160, in instantiation at term.ads:16
spark-containers-functional-sets.ads:128:06: error: "S" is referenced in Post but missing from the Global, in instantiation at spark-containers-formal-hashed_sets.ads:160, in instantiation at term.ads:16
spark-containers-functional-sets.ads:167:06: error: "S" is referenced in Post but missing from the Global, in instantiation at spark-containers-formal-hashed_sets.ads:160, in instantiation at term.ads:16
spark-containers-parameter_checks.ads:31:09: error: "S" is referenced in Post but missing from the Global, in instantiation at spark-containers-functional-sets.ads:350, in instantiation at spark-containers-formal-hashed_sets.ads:160, in instantiation at term.ads:16
spark-containers-parameter_checks.ads:32:19: high: "S" must be listed in the Global aspect of "Eq_Reflexive" (SPARK RM 6.1.4(15)), in instantiation at spark-containers-functional-sets.ads:350, in instantiation at spark-containers-formal-hashed_sets.ads:160, in instantiation at term.ads:16
spark-containers-parameter_checks.ads:35:09: error: "S" is referenced in Post but missing from the Global, in instantiation at spark-containers-functional-sets.ads:350, in instantiation at spark-containers-formal-hashed_sets.ads:160, in instantiation at term.ads:16
spark-containers-parameter_checks.ads:35:09: error: "S" is referenced in Pre but missing from the Global, in instantiation at spark-containers-functional-sets.ads:350, in instantiation at spark-containers-formal-hashed_sets.ads:160, in instantiation at term.ads:16
spark-containers-parameter_checks.ads:36:19: high: "S" must be listed in the Global aspect of "Eq_Symmetric" (SPARK RM 6.1.4(15)), in instantiation at spark-containers-functional-sets.ads:350, in instantiation at spark-containers-formal-hashed_sets.ads:160, in instantiation at term.ads:16
spark-containers-parameter_checks.ads:40:09: error: "S" is referenced in Post but missing from the Global, in instantiation at spark-containers-functional-sets.ads:350, in instantiation at spark-containers-formal-hashed_sets.ads:160, in instantiation at term.ads:16
spark-containers-parameter_checks.ads:40:09: error: "S" is referenced in Pre but missing from the Global, in instantiation at spark-containers-functional-sets.ads:350, in instantiation at spark-containers-formal-hashed_sets.ads:160, in instantiation at term.ads:16
spark-containers-parameter_checks.ads:41:19: high: "S" must be listed in the Global aspect of "Eq_Transitive" (SPARK RM 6.1.4(15)), in instantiation at spark-containers-functional-sets.ads:350, in instantiation at spark-containers-formal-hashed_sets.ads:160, in instantiation at term.ads:16
spark-containers-parameter_checks.ads:63:09: error: "S" is referenced in Post but missing from the Global, in instantiation at spark-containers-formal-hashed_sets.ads:133, in instantiation at term.ads:16
spark-containers-parameter_checks.ads:65:19: high: "S" must be listed in the Global aspect of "Eq_Reflexive" (SPARK RM 6.1.4(15)), in instantiation at spark-containers-formal-hashed_sets.ads:133, in instantiation at term.ads:16
spark-containers-parameter_checks.ads:71:09: error: "S" is referenced in Post but missing from the Global, in instantiation at spark-containers-formal-hashed_sets.ads:133, in instantiation at term.ads:16
spark-containers-parameter_checks.ads:72:19: high: "S" must be listed in the Global aspect of "Eq_Reflexive" (SPARK RM 6.1.4(15)), in instantiation at spark-containers-formal-hashed_sets.ads:133, in instantiation at term.ads:16
spark-containers-parameter_checks.ads:75:09: error: "S" is referenced in Post but missing from the Global, in instantiation at spark-containers-formal-hashed_sets.ads:133, in instantiation at term.ads:16
spark-containers-parameter_checks.ads:75:09: error: "S" is referenced in Pre but missing from the Global, in instantiation at spark-containers-formal-hashed_sets.ads:133, in instantiation at term.ads:16
spark-containers-parameter_checks.ads:76:19: high: "S" must be listed in the Global aspect of "Eq_Symmetric" (SPARK RM 6.1.4(15)), in instantiation at spark-containers-formal-hashed_sets.ads:133, in instantiation at term.ads:16
spark-containers-parameter_checks.ads:80:09: error: "S" is referenced in Post but missing from the Global, in instantiation at spark-containers-formal-hashed_sets.ads:133, in instantiation at term.ads:16
spark-containers-parameter_checks.ads:80:09: error: "S" is referenced in Pre but missing from the Global, in instantiation at spark-containers-formal-hashed_sets.ads:133, in instantiation at term.ads:16
spark-containers-parameter_checks.ads:81:19: high: "S" must be listed in the Global aspect of "Eq_Transitive" (SPARK RM 6.1.4(15)), in instantiation at spark-containers-formal-hashed_sets.ads:133, in instantiation at term.ads:16
spark-containers-parameter_checks.ads:240:09: error: "S" is referenced in Pre but missing from the Global, in instantiation at spark-containers-formal-hashed_sets.ads:145, in instantiation at term.ads:16
spark-containers-parameter_checks.ads:241:21: high: "S" must be listed in the Global aspect of "Hash_Equivalent" (SPARK RM 6.1.4(15)), in instantiation at spark-containers-formal-hashed_sets.ads:145, in instantiation at term.ads:16
term.adb:5:07: medium: implicit terminating annotation on "Eq" could be incorrect, "Eq" and "Contains" are mutually recursive
term.ads:14:13: info: implicit terminating annotation on "Hash" has been proved, subprogram will terminate
term.ads:14:19: warning: unused variable "X"
gnatprove: error during flow analysis and proof
