=== test_01.ads ===
test_01.ads:7:09: info: invariant check proved on default value (CVC5: 1 VC)

=== test_02.ads ===
test_02.ads:9:09: info: invariant check proved on default value (CVC5: 1 VC)

=== test_03.ads ===
test_03.ads:13:39: error: invariant cannot depend on variable input "C" (SPARK RM 4.4(2))
test_03.ads:13:39: error: use instead a constant initialized to the expression with variable input
gnatprove: error during flow analysis and proof

=== test_04.ads ===
test_04.ads:13:39: error: invariant cannot depend on variable input "C" (SPARK RM 4.4(2))
test_04.ads:13:39: error: use instead a constant initialized to the expression with variable input
gnatprove: error during flow analysis and proof

=== test_05.adb ===
test_05.adb:7:07: info: no contextual analysis of "P_01" (nested package declaration)
test_05.adb:13:10: error: type invariant in a nested package is not yet supported
test_05.adb:24:07: info: no contextual analysis of "P_02" (nested package declaration)
test_05.adb:30:10: error: type invariant in a nested package is not yet supported
gnatprove: error during flow analysis and proof

=== test_06.adb ===
test_06.ads:9:09: medium: invariant check might fail on default value
test_06.ads:13:27: high: cannot call boundary subprogram "F" for type "T" in its own invariant (SPARK RM 7.3.2(5))
test_06.ads:13:27: medium: invariant check might fail

=== test_07.ads ===
test_07.ads:9:09: medium: invariant check might fail on default value

=== test_08.adb ===
test_08.ads:11:09: info: invariant check proved on default value (CVC5: 1 VC)
test_08.ads:17:09: info: invariant check proved on default value (CVC5: 1 VC)
test_08.ads:23:09: info: invariant check proved on default value (CVC5: 1 VC)

=== test_08_util.adb ===
test_08_util.ads:4:17: info: postcondition proved (CVC5: 2 VC)
test_08_util.ads:7:17: info: postcondition proved (CVC5: 2 VC)
test_08_util.ads:10:17: info: postcondition proved (CVC5: 2 VC)

=== util.adb ===
util.ads:4:17: info: postcondition proved (CVC5: 4 VC)
