=== test_01.ads ===
test_01.ads:7:09: info: invariant check proved on default value (CVC5: 1 VC)

=== test_02.ads ===
test_02.ads:9:09: info: invariant check proved on default value (CVC5: 1 VC)

=== test_03.ads ===
test_03.ads:13:39: error: invariant cannot depend on variable input "C" [E0007]
test_03.ads:13:39: error: launch "gnatprove --explain=E0007" for more information
test_03.ads:13:39: error: use instead a constant initialized to the expression with variable input
gnatprove: error during flow analysis and proof

=== test_04.ads ===
test_04.ads:13:39: error: invariant cannot depend on variable input "C" [E0007]
test_04.ads:13:39: error: launch "gnatprove --explain=E0007" for more information
test_04.ads:13:39: error: use instead a constant initialized to the expression with variable input
gnatprove: error during flow analysis and proof

=== test_05.adb ===
test_05.adb:4:20: info: initialization of "Y" proved
test_05.adb:7:07: info: no contextual analysis of "P_01" (nested package declaration)
test_05.adb:24:07: info: no contextual analysis of "P_02" (nested package declaration)
test_05.adb:31:43: error: invariant cannot depend on variable input "X" [E0007]
test_05.adb:31:43: error: launch "gnatprove --explain=E0007" for more information
test_05.adb:31:43: error: use instead a constant initialized to the expression with variable input
gnatprove: error during flow analysis and proof

=== test_06.adb ===
test_06.ads:5:13: info: implicit aspect Always_Terminates on "F" has been proved, subprogram will terminate
test_06.ads:9:09: medium: in inlined invariant at test_06.ads:13
test_06.ads:9:09: medium: invariant check might fail on default value, cannot prove F (T) [provers gave up before completing the proof]
test_06.ads:13:27: high: cannot call boundary subprogram "F" for type "T" in its own invariant (SPARK RM 7.3.2(5))
test_06.ads:13:27: medium: for "X" before the call at test_06.ads:5
test_06.ads:13:27: medium: in inlined invariant at test_06.ads:13
test_06.ads:13:27: medium: invariant check might fail [provers gave up before completing the proof]

=== test_07.ads ===
test_07.ads:9:09: info: invariant check proved on default value (CVC5: 1 VC)

=== test_08.adb ===
test_08.ads:11:09: info: invariant check proved on default value (CVC5: 1 VC)
test_08.ads:17:09: info: invariant check proved on default value (CVC5: 1 VC)
test_08.ads:23:09: info: invariant check proved on default value (CVC5: 1 VC)

=== test_08_util.adb ===
test_08_util.ads:3:13: info: implicit aspect Always_Terminates on "Is_Positive_Good" has been proved, subprogram will terminate
test_08_util.ads:4:17: info: postcondition proved (CVC5: 2 VC)
test_08_util.ads:6:13: info: implicit aspect Always_Terminates on "Is_Positive_Bad" has been proved, subprogram will terminate
test_08_util.ads:6:13: warning: potentially missing contract for "Is_Positive_Bad" declared at line 6
test_08_util.ads:6:13: warning: references between entities introduce a cycle in proof dependencies; (implicit) contract of mutally dependent functions might not be available on calls from contracts and assertions [cyclic-dependency]
test_08_util.ads:7:17: info: postcondition proved (CVC5: 2 VC)
test_08_util.ads:9:13: info: implicit aspect Always_Terminates on "Is_Positive_Ugly" has been proved, subprogram will terminate
test_08_util.ads:10:17: info: postcondition proved (CVC5: 2 VC)

=== util.adb ===
util.ads:3:13: info: implicit aspect Always_Terminates on "Exclusive_Or" has been proved, subprogram will terminate
util.ads:4:17: info: postcondition proved (CVC5: 4 VC)
