test_inline.adb:2:13: error: function with the "Inline_For_Proof" annotation shall either be an expression function or have a single postcondition of the form ""F1"'Result = Expr"
test_inline.adb:2:13: error: no postconditions found
test_inline.adb:4:13: error: function with the "Inline_For_Proof" annotation shall either be an expression function or have a single postcondition of the form ""F2"'Result = Expr"
test_inline.adb:9:24: error: function with the "Inline_For_Proof" annotation shall either be an expression function or have a single postcondition of the form ""="'Result = Expr"
test_inline.adb:9:24: error: several postconditions found
gnatprove: error during flow analysis and proof
