update_examples.ads:23:19: info: postcondition proved
update_examples.ads:30:19: info: postcondition proved
update_examples.ads:38:19: info: postcondition proved
update_examples.ads:54:19: info: postcondition proved
update_examples.ads:69:08: warning: postcondition might fail, requires NA = NA'Old'update
loop_var_loop_invar.adb:1:11: warning: subprogram "Loop_Var_Loop_Invar" has no effect
loop_var_loop_invar.adb:8:07: info: loop invariant initialization proved
loop_var_loop_invar.adb:8:07: info: loop invariant preservation proved
loop_var_loop_invar.adb:8:39: info: overflow check proved
loop_var_loop_invar.adb:8:44: info: overflow check proved
loop_var_loop_invar.adb:9:07: info: loop variant proved
loop_var_loop_invar.adb:11:14: info: range check proved
loop_var_loop_invar.adb:12:14: info: range check proved
reverse_ord.adb:7:19: info: postcondition proved
reverse_ord.adb:16:10: info: loop invariant initialization proved
reverse_ord.adb:16:10: info: loop invariant preservation proved
reverse_ord.adb:19:19: info: index check proved
reverse_ord.adb:19:49: info: index check proved
reverse_ord.adb:20:30: info: index check proved
reverse_ord.adb:20:51: info: index check proved
reverse_ord.adb:24:21: info: index check proved
reverse_ord.adb:24:40: info: index check proved
up_timer.adb:14:36: info: overflow check proved
f.adb:3:16: info: postcondition proved
f.adb:10:16: info: range check proved
f.adb:10:38: info: overflow check proved
f.adb:11:36: info: index check proved
f.adb:11:36: info: overflow check proved
f.adb:13:26: info: range check proved
f.adb:13:37: info: index check proved
f.adb:13:37: info: overflow check proved
f.adb:21:04: info: assertion proved
f.adb:21:41: warning: "Control_Char" might not be initialized
f.adb:34:12: warning: "Control_Char" might not be initialized
param_1_illegal.adb:5:28: warning: "X" might not be initialized in "Param_1_Illegal"
param_1_illegal.adb:9:10: info: index check proved
param_1_illegal.adb:9:13: warning: "X" might not be initialized
param_1_legal.adb:7:10: info: index check proved
anti_aliasing.adb:62:16: writable actual for "X" overlaps with actual for "Y"
   compilation of anti_aliasing.adb failed


gnatprove: error during generation of Global contracts
gnatprove: error during generation of Global contracts
stacks_1.adb:16:57: info: refined post proved
stacks_1.adb:17:44: info: range check proved
stacks_1.adb:23:30: info: range check proved
stacks_1.adb:24:18: info: index check proved
stacks_1.adb:28:37: warning: refined postcondition might fail
stacks_1.adb:34:33: info: range check proved
stacks_1.adb:38:64: info: index check proved
stacks_1.ads:14:19: info: postcondition proved
stacks_1.ads:17:19: info: postcondition proved
stacks_2.adb:8:31: info: length check proved
stacks_2.adb:15:45: info: refined post proved
stacks_2.adb:25:44: info: refined post proved
stacks_2.adb:34:59: info: refined post proved
stacks_2.adb:35:61: info: range check proved
stacks_2.adb:40:30: warning: range check might fail
stacks_2.adb:41:17: info: index check proved
stacks_2.adb:46:39: info: refined post proved
stacks_2.adb:51:30: warning: range check might fail
stacks_2.adb:54:46: warning: array index check might fail
stacks_2.ads:17:21: warning: postcondition might fail, requires not (Is_Empty)
stacks_2.ads:21:16: warning: postcondition might fail, requires not (Is_Full)
externals.adb:54:04: "Out_Reg" is not written in "Externals"
externals.adb:76:41: warning: "Out_Reg" might not be written
externals.adb:91:20: warning: unused assignment
externals.adb:94:13: warning: statement has no effect
   compilation of externals.adb failed


gnatprove: error during flow analysis and proof
inter_unit_elaboration_examples.adb:8:14: warning: overflow check might fail
intra_unit_elaboration_order_examples.adb:3:50: warning: overflow check might fail
intra_unit_elaboration_order_examples.adb:20:17: info: overflow check proved
intra_unit_elaboration_order_examples.adb:35:14: warning: overflow check might fail
intra_unit_elaboration_order_examples.ads:20:19: info: postcondition proved
intra_unit_elaboration_order_examples.ads:27:50: warning: overflow check might fail
initialization_and_elaboration.ads:8:08: warning: initial condition might fail
