INLINING ENABLED:
update.adb:14:10: error: "Constraint_Error" would have been raised at run time
update.adb:14:10: error: value not in range of type "Standard.Positive"
gnatprove: error during generation of Global contracts
INLINING DISABLED:
update.adb:6:14: warning: subprogram "Test" has no effect
update.adb:8:33: info: range check proved (CVC4: 2 VC)
update.adb:8:33: medium: range check might fail, cannot prove lower bound for V (e.g. when V = 0) [reason for check: value must fit in component type] [possible fix: subprogram at line 6 should mention V in a precondition]
