ext_2.ads:11:19: error: usage of incomplete type completed in package body outside of an access type declaration is not yet supported
ext_2.ads:12:16: error: usage of incomplete type completed in package body outside of an access type declaration is not yet supported
gnatprove: error during flow analysis and proof
