abstract_state_part_of_concurrent.ads:10:44: error: abstract state Part_Of constituent of a single concurrent object is not yet supported
abstract_state_part_of_concurrent.ads:17:44: error: abstract state Part_Of constituent of a single concurrent object is not yet supported
gnatprove: error during flow analysis and proof
