adt_stack-child.adb:18:30: medium: array index check might fail [reason for check: value must be a valid index into the array] [possible fix: call at line 17 should mention S (for argument S) in a postcondition]
adt_stack-child.adb:19:36: medium: overflow check might fail, cannot prove upper bound for S.Next_Value + 1 [reason for check: result of addition must fit in a 32-bits machine integer] [possible fix: call at line 17 should mention S (for argument S) in a postcondition]
adt_stack-child.adb:24:07: info: initialization of "Result" proved
adt_stack-child.adb:29:52: medium: array index check might fail [reason for check: value must be a valid index into the array] [possible fix: add precondition (S.Stack_Top in 1 .. 100) to subprogram at adt_stack-child.ads:10]
adt_stack-child.ads:7:20: info: initialization of "S" proved
adt_stack-child.ads:10:13: info: implicit terminating annotation on "Top_Identity" has been proved, subprogram will terminate
adt_stack.adb:28:10: medium: unexpected exception might be raised
adt_stack.adb:30:33: medium: range check might fail, cannot prove upper bound for S.Stack_Top + 1 [reason for check: result of addition must fit in the target type of the assignment] [possible fix: subprogram at adt_stack.ads:15 should mention S in a precondition]
adt_stack.adb:31:23: info: index check proved (CVC5: 2 VC)
adt_stack.adb:38:10: medium: unexpected exception might be raised
adt_stack.adb:40:28: medium: array index check might fail [reason for check: value must be a valid index into the array] [possible fix: subprogram at adt_stack.ads:20 should mention S in a precondition]
adt_stack.adb:41:33: info: range check proved (CVC5: 2 VC)
adt_stack.adb:48:10: info: range check proved (CVC5: 4 VC)
adt_stack.adb:48:45: info: range check proved (CVC5: 4 VC)
adt_stack.ads:10:13: info: implicit terminating annotation on "Is_Empty" has been proved, subprogram will terminate
adt_stack.ads:11:13: info: implicit terminating annotation on "Is_Full" has been proved, subprogram will terminate
adt_stack.ads:13:20: info: initialization of "S" proved
adt_stack.ads:20:36: info: initialization of "X" proved
adt_stack.ads:23:13: info: implicit terminating annotation on overriding operator "=" has been proved, subprogram will terminate
asm_stack.ads:11:13: error: function "Pop" with output global "Asm_Stack.Stack_Top" is not allowed in SPARK
asm_stack.ads:11:13: error: function "Pop" with output global "Asm_Stack.Stack_Top" is not allowed in SPARK
asm_stack.ads:11:13: error: function "Pop" with output global "Stack_Top" is not allowed in SPARK
asm_stack.ads:11:13: error: violation of aspect SPARK_Mode at line 5
asm_stack.ads:11:13: error: violation of aspect SPARK_Mode at line 5
asm_stack.ads:11:13: error: violation of aspect SPARK_Mode at line 5
generic_stack.adb:16:10: medium: unexpected exception might be raised, in instantiation at use_stacks.adb:47
generic_stack.adb:18:22: info: overflow check proved (CVC5: 2 VC), in instantiation at use_stacks.adb:47
generic_stack.adb:19:20: info: index check proved (CVC5: 2 VC), in instantiation at use_stacks.adb:47
generic_stack.adb:25:10: medium: unexpected exception might be raised, in instantiation at use_stacks.adb:47
generic_stack.adb:27:25: medium: array index check might fail, in instantiation at use_stacks.adb:47 [reason for check: value must be a valid index into the array] [possible fix: subprogram at generic_stack.ads:8 should mention Index in a precondition]
generic_stack.adb:28:22: info: range check proved (CVC5: 2 VC), in instantiation at use_stacks.adb:47
generic_stack.ads:8:19: info: initialization of "E" proved, in instantiation at use_stacks.adb:47
main.adb:14:16: error: "Pop" is not allowed in SPARK (due to function with global outputs)
main.adb:14:16: error: violation of aspect SPARK_Mode at line 5
random_numbers.adb:15:10: error: "Pop" is not allowed in SPARK (due to function with global outputs)
random_numbers.adb:15:10: error: violation of aspect SPARK_Mode at line 2
random_numbers.adb:16:18: error: "Pop" is not allowed in SPARK (due to function with global outputs)
random_numbers.adb:16:18: error: violation of aspect SPARK_Mode at line 2
use_stacks.adb:10:07: info: initialization of "V" proved
use_stacks.adb:22:07: info: initialization of "My_Stack" proved
use_stacks.adb:23:07: info: initialization of "V" proved
use_stacks.adb:35:07: info: initialization of "My_Stack" proved
use_stacks.adb:36:07: info: initialization of "V" proved
use_stacks.adb:49:25: info: cannot unroll loop (too many loop iterations)
use_stacks.adb:50:19: medium: "Stack_Vector" might not be initialized
use_stacks.ads:6:14: warning: subprogram "Fill_Generic_Stack" has no effect
gnatprove: error during flow analysis and proof
