test_declare.adb:4:25: info: data dependencies proved
test_declare.adb:8:55: info: overflow check proved (CVC5: 2 VC)
test_declare.adb:9:39: medium: overflow check might fail, cannot prove upper bound for Y + 4 [reason for check: result of addition must fit in a 32-bits machine integer]
test_declare.adb:10:21: info: overflow check proved (CVC5: 2 VC)
test_declare.adb:13:25: info: data dependencies proved
test_declare.adb:17:55: info: overflow check proved (CVC5: 2 VC)
test_declare.adb:18:39: info: overflow check proved (CVC5: 2 VC)
test_declare.adb:19:21: medium: overflow check might fail, cannot prove upper bound for Z + Y [reason for check: result of addition must fit in a 32-bits machine integer]
test_declare.adb:26:18: info: overflow check proved (CVC5: 2 VC)
test_declare.adb:29:18: info: overflow check proved (CVC5: 2 VC)
test_declare.adb:30:19: info: assertion proved (CVC5: 1 VC)
test_declare.adb:32:09: info: assertion proved (CVC5: 1 VC)
test_declare.adb:34:38: info: overflow check proved (CVC5: 2 VC)
test_declare.adb:35:18: info: overflow check proved (CVC5: 2 VC)
test_declare_deep.adb:7:14: warning: subprogram "OK1" has no effect
test_declare_deep.adb:9:07: medium: resource or memory leak might occur at end of scope
test_declare_deep.adb:9:31: warning: assuming "Create" always returns
test_declare_deep.adb:9:31: warning: assuming "Create" has no effect on global items
test_declare_deep.adb:9:31: warning: no Global contract available for "Create"
test_declare_deep.adb:9:31: warning: no returning annotation available for "Create"
test_declare_deep.adb:11:14: info: pointer dereference check proved (CVC5: 1 VC)
test_declare_deep.adb:11:18: info: overflow check proved (CVC5: 2 VC)
test_declare_deep.adb:14:14: warning: subprogram "OK2" has no effect
test_declare_deep.adb:18:10: medium: resource or memory leak might occur at end of scope
test_declare_deep.adb:18:34: warning: assuming "Create" always returns
test_declare_deep.adb:18:34: warning: assuming "Create" has no effect on global items
test_declare_deep.adb:18:34: warning: no Global contract available for "Create"
test_declare_deep.adb:18:34: warning: no returning annotation available for "Create"
test_declare_deep.adb:20:17: info: pointer dereference check proved (CVC5: 1 VC)
test_declare_deep.adb:20:21: info: overflow check proved (CVC5: 2 VC)
test_declare_illegal.adb:4:04: warning: analyzing unreferenced procedure "Bad1"
test_declare_illegal.adb:12:04: warning: analyzing unreferenced procedure "Bad2"
test_declare_illegal.adb:17:13: error: move in declare expression is not allowed in SPARK
test_declare_illegal.adb:17:13: error: violation of aspect SPARK_Mode at line 1
test_declare_illegal.adb:23:04: warning: analyzing unreferenced procedure "Bad3"
test_declare_illegal.adb:27:37: error: call to allocating function not stored in object as part of assignment, declaration or return is not allowed in SPARK
test_declare_illegal.adb:27:37: error: violation of aspect SPARK_Mode at line 1
test_declare_illegal.adb:28:19: error: "Y" is not allowed in SPARK (due to call to allocating function not stored in object as part of assignment, declaration or return)
test_declare_illegal.adb:28:19: error: violation of aspect SPARK_Mode at line 1
gnatprove: error during flow analysis and proof
