test_1.adb:14:17: warning: subprogram "Test" has no effect
test_1.adb:35:15: info: range check proved (CVC5: 1 VC)
test_1.adb:35:19: medium: discriminant check might fail [possible fix: subprogram at line 33 should mention X in a precondition]
test_1.adb:35:22: medium: discriminant check might fail
test_1.adb:42:13: info: null exclusion check proved (CVC5: 1 VC)
test_3.adb:23:10: error: discriminant on derived type is not allowed in SPARK (SPARK RM 3.7(2))
test_3.adb:23:10: error: violation of aspect SPARK_Mode at line 5
test_3.adb:24:10: error: subtype of "Option" is not allowed in SPARK (due to discriminant on derived type)
test_3.adb:24:10: error: violation of aspect SPARK_Mode at line 5
test_3.adb:26:15: error: "Option" is not allowed in SPARK (due to discriminant on derived type)
test_3.adb:26:15: error: violation of aspect SPARK_Mode at line 5
test_3.adb:28:23: error: access to "Option" is not allowed in SPARK (due to discriminant on derived type)
test_3.adb:28:23: error: violation of aspect SPARK_Mode at line 5
test_3.adb:30:13: error: "Option" is not allowed in SPARK (due to discriminant on derived type)
test_3.adb:30:13: error: violation of aspect SPARK_Mode at line 5
test_3.adb:30:15: error: "Option" is not allowed in SPARK (due to discriminant on derived type)
test_3.adb:30:15: error: violation of aspect SPARK_Mode at line 5
test_3.adb:33:10: error: "Option" is not allowed in SPARK (due to discriminant on derived type)
test_3.adb:33:10: error: violation of aspect SPARK_Mode at line 5
gnatprove: error during flow analysis and proof
