unsupported_classwides.ads:3:09: error: attribute "Class" of a constrained type is not yet supported
unsupported_classwides.ads:4:12: error: attribute "Class" of a constrained type is not yet supported
gnatprove: error during flow analysis and proof
unsupported_classwides2.ads:3:31: error: invalid constraint: type has unknown discriminants
gnatprove: error during generation of Global contracts
