test_deep_volatile.adb:4:22: error: observe, move, or borrow of volatile object is not allowed in SPARK (SPARK RM 3.10(16))
test_deep_volatile.adb:4:22: error: violation of aspect SPARK_Mode at line 1
test_deep_volatile.adb:10:29: error: observe, move, or borrow of volatile object is not allowed in SPARK (SPARK RM 3.10(16))
test_deep_volatile.adb:10:29: error: violation of aspect SPARK_Mode at line 1
test_deep_volatile.adb:12:07: error: "Y" is not allowed in SPARK (due to observe, move, or borrow of volatile object)
test_deep_volatile.adb:12:07: error: violation of aspect SPARK_Mode at line 1
test_deep_volatile.adb:16:38: error: observe, move, or borrow of volatile object is not allowed in SPARK (SPARK RM 3.10(16))
test_deep_volatile.adb:16:38: error: violation of aspect SPARK_Mode at line 1
test_deep_volatile.adb:18:22: error: "Y" is not allowed in SPARK (due to observe, move, or borrow of volatile object)
test_deep_volatile.adb:18:22: error: violation of aspect SPARK_Mode at line 1
test_deep_volatile.adb:24:12: error: observe, move, or borrow of volatile object is not allowed in SPARK (SPARK RM 3.10(16))
test_deep_volatile.adb:24:12: error: violation of aspect SPARK_Mode at line 1
test_deep_volatile.adb:30:14: error: observe, move, or borrow of volatile object is not allowed in SPARK (SPARK RM 3.10(16))
test_deep_volatile.adb:30:14: error: violation of aspect SPARK_Mode at line 1
test_deep_volatile.adb:35:10: error: observe, move, or borrow of volatile object is not allowed in SPARK (SPARK RM 3.10(16))
test_deep_volatile.adb:35:10: error: violation of aspect SPARK_Mode at line 1
gnatprove: error during flow analysis and proof
