ext.ads:10:28: error: Access attribute of a named access-to-variable type is not allowed in SPARK
ext.ads:10:28: error: violation of aspect SPARK_Mode at line 10
test_access.adb:11:19: info: assertion proved (CVC4: 1 VC)
test_access.adb:11:21: info: pointer dereference check proved (CVC4: 1 VC)
test_access.adb:14:31: info: pointer dereference check proved (CVC4: 1 VC)
test_access.adb:16:29: info: data dependencies proved
test_access.adb:17:30: medium: predicate check might fail
test_access.adb:27:14: info: postcondition proved (CVC4: 1 VC)
test_access.adb:27:27: info: pointer dereference check proved (CVC4: 1 VC)
test_access.adb:33:77: info: dynamic accessibility check proved (Trivial)
test_access.adb:38:85: info: dynamic accessibility check proved (Trivial)
test_access.adb:44:14: info: postcondition proved (CVC4: 1 VC)
test_access.adb:44:36: info: pointer dereference check proved (CVC4: 1 VC)
test_access.adb:44:52: info: pointer dereference check proved (CVC4: 1 VC)
test_access.adb:47:15: info: pointer dereference check proved (CVC4: 1 VC)
test_access.adb:47:18: info: dynamic accessibility check proved (Trivial)
test_access.adb:56:22: info: assertion proved (CVC4: 1 VC)
test_access.adb:56:28: info: pointer dereference check proved (CVC4: 1 VC)
test_access.adb:57:22: info: assertion proved (CVC4: 1 VC)
test_access.adb:57:28: info: pointer dereference check proved (CVC4: 1 VC)
test_access.adb:64:22: info: assertion proved (CVC4: 1 VC)
test_access.adb:64:28: info: pointer dereference check proved (CVC4: 1 VC)
test_access.adb:72:22: info: assertion proved (CVC4: 1 VC)
test_access.adb:72:26: info: pointer dereference check proved (CVC4: 1 VC)
test_access.adb:73:11: info: pointer dereference check proved (CVC4: 1 VC)
test_access.adb:76:19: info: assertion proved (CVC4: 1 VC)
test_access.adb:80:38: info: null exclusion check proved (CVC4: 1 VC)
test_access.adb:82:22: info: assertion proved (CVC4: 1 VC)
test_access.adb:82:26: info: pointer dereference check proved (CVC4: 1 VC)
test_access.adb:83:11: info: pointer dereference check proved (CVC4: 1 VC)
test_access.adb:84:18: info: pointer dereference check proved (CVC4: 1 VC)
test_access.adb:85:11: info: pointer dereference check proved (CVC4: 1 VC)
test_access.adb:85:22: info: pointer dereference check proved (CVC4: 1 VC)
test_access.adb:85:26: info: overflow check proved (CVC4: 1 VC)
test_access.adb:88:19: info: assertion proved (CVC4: 1 VC)
test_access.adb:89:19: medium: assertion might fail (e.g. when V = (F1 => 2, F2 => 15))
test_access_constraints.adb:8:30: info: data dependencies proved
test_access_constraints.adb:14:12: info: pointer dereference check proved (CVC4: 1 VC)
test_access_constraints.adb:14:12: info: range check proved (CVC4: 1 VC)
test_access_constraints.adb:14:19: medium: discriminant check might fail (e.g. when B.all = (B => True, F1 => 1, F2 => 2))
test_access_constraints.adb:18:55: info: data dependencies proved
test_access_constraints.adb:23:12: info: pointer dereference check proved (CVC4: 1 VC)
test_access_constraints.adb:23:12: info: range check proved (CVC4: 1 VC)
test_access_constraints.adb:23:19: medium: discriminant check might fail (e.g. when B.all = (B => True, F1 => 4, F2 => 4))
test_access_constraints.adb:27:31: info: data dependencies proved
test_access_constraints.adb:33:12: info: length check proved (CVC4: 3 VC; Trivial: 1 VC)
test_access_constraints.adb:33:12: info: pointer dereference check proved (CVC4: 1 VC)
test_access_constraints.adb:33:12: info: pointer dereference check proved (CVC4: 2 VC)
test_access_constraints.adb:33:16: info: length check proved (CVC4: 3 VC; Trivial: 1 VC)
test_access_constraints.adb:33:19: info: range check proved (CVC4: 2 VC)
test_access_constraints.adb:33:19: medium: length check might fail (e.g. when B.all = (others => 4)) [reason for check: array must be of the appropriate length]
test_access_constraints.adb:37:62: info: data dependencies proved
test_access_constraints.adb:40:10: info: length check proved (CVC4: 3 VC; Trivial: 1 VC)
test_access_constraints.adb:42:12: info: length check proved (CVC4: 3 VC; Trivial: 1 VC)
test_access_constraints.adb:42:12: info: pointer dereference check proved (CVC4: 1 VC)
test_access_constraints.adb:42:12: info: pointer dereference check proved (CVC4: 2 VC)
test_access_constraints.adb:42:16: info: length check proved (CVC4: 3 VC; Trivial: 1 VC)
test_access_constraints.adb:42:19: medium: length check might fail (e.g. when B.all = (others => -1)) [reason for check: array must be of the appropriate length]
test_access_constraints.adb:42:19: medium: range check might fail (e.g. when B.all = (others => -1))
test_access_ownership_error.adb:19:08: error: object was observed at line 17
test_access_ownership_error.adb:25:08: error: object was observed at line 23
test_access_ownership_error.adb:26:08: error: object was observed at line 23
test_access_ownership_error.adb:34:08: error: object was borrowed at line 32
test_access_ownership_error.adb:42:08: error: object was borrowed at line 39
test_access_ownership_error.adb:43:10: error: object was borrowed at line 40
test_access_ownership_error.adb:44:08: error: object was borrowed at line 39
test_access_violation.adb:28:21: error: Access attribute on a complex expression is not allowed in SPARK
test_access_violation.adb:28:21: error: violation of aspect SPARK_Mode at line 1
test_access_violation.adb:28:29: info: no contextual analysis of "B" (body not seen yet)
test_access_violation.adb:29:21: error: Access attribute of a path not rooted inside an object is not allowed in SPARK
test_access_violation.adb:29:21: error: violation of aspect SPARK_Mode at line 1
test_access_violation.adb:29:21: info: no contextual analysis of "F" (body not seen yet)
test_access_violation.adb:30:26: error: observe through Access not directly inside an assignment statement, an object declaration, or a simple return statement is not yet supported
test_access_violation.adb:31:21: error: Access attribute of a named access-to-constant type whose prefix is not a constant part of an object is not allowed in SPARK
test_access_violation.adb:31:21: error: violation of aspect SPARK_Mode at line 1
test_access_violation.adb:38:24: error: Access attribute of a named access-to-constant type whose prefix is not a constant part of an object is not allowed in SPARK
test_access_violation.adb:38:24: error: violation of aspect SPARK_Mode at line 1
gnatprove: error during flow analysis and proof
