util.ads:6:34: error: "X" is not allowed in SPARK
util.ads:6:34: error: violation of pragma SPARK_Mode at test.adc:1
util.ads:12:04: error: "P" is not allowed in SPARK
util.ads:12:04: error: violation of pragma SPARK_Mode at test.adc:1
gnatprove: error during flow analysis and proof
