p.ads:4:04: error: object of anonymous access not declared immediately within a subprogram, entry or block is not allowed in SPARK (SPARK RM 3.10(5))
p.ads:4:04: error: violation of aspect SPARK_Mode at line 2
gnatprove: error during flow analysis and proof
