vecs.ads:5:04: error: in instantiation of "Formal_Indefinite_Vectors" declared at a-cfinve.ads:55
vecs.ads:5:04: error: missing actual "Max_Size_In_Storage_Elements"
gnatprove: error during generation of Global contracts
