assert_and_cut_in_loop.adb:12:07: error: pragma Assert_And_Cut immediately within a sequence of statements containing a loop invariant is not yet supported
assert_and_cut_in_loop.adb:17:07: error: pragma Assert_And_Cut immediately within a sequence of statements containing a loop invariant is not yet supported
assert_and_cut_in_loop.adb:21:07: error: pragma Assert_And_Cut immediately within a sequence of statements containing a loop invariant is not yet supported
assert_and_cut_in_loop.adb:39:07: error: pragma Assert_And_Cut immediately within a sequence of statements containing a loop invariant is not yet supported
gnatprove: error during flow analysis and proof
