test_external_variables.adb:11:08: error: effectively volatile loop parameter is not allowed in SPARK
test_external_variables.adb:11:08: error: violation of pragma SPARK_Mode at test_external_variables.ads:4
test_external_variables.ads:43:22: error: violation of pragma SPARK_Mode at line 4
test_external_variables.ads:43:22: error: volatile discriminant is not allowed in SPARK
test_volatile_loop_param.adb:9:08: error: effectively volatile loop parameter is not allowed in SPARK
test_volatile_loop_param.adb:9:08: error: violation of aspect SPARK_Mode at line 4
gnatprove: error during flow analysis and proof
