test.adb:34:13: error: container aggregate is not allowed in SPARK
test.adb:34:13: error: violation of aspect SPARK_Mode at line 1
gnatprove: error during flow analysis and proof
