ps_not_in_spark.adb:13:07: error: "Dummy" is not allowed in SPARK
ps_not_in_spark.adb:13:07: error: violation of aspect SPARK_Mode at line 11
ps_not_in_spark.adb:18:07: error: "Dummy" is not allowed in SPARK
ps_not_in_spark.adb:18:07: error: violation of aspect SPARK_Mode at line 16
pt_not_in_spark.ads:11:08: error: "PT" is not allowed in SPARK
pt_not_in_spark.ads:11:08: error: violation of pragma SPARK_Mode at test.adc:1
pt_not_in_spark.ads:14:04: error: "PT" is not allowed in SPARK
pt_not_in_spark.ads:14:04: error: violation of pragma SPARK_Mode at test.adc:1
pt_not_in_spark.ads:15:04: error: "PR" is not allowed in SPARK
pt_not_in_spark.ads:15:04: error: violation of pragma SPARK_Mode at test.adc:1
gnatprove: error during flow analysis and proof
