bad_pledge_calls.adb:19:09: warning: postcondition does not check the outcome of calling "Next"
bad_pledge_calls.adb:19:17: error: call to a function annotated with At_End_Borrow occurring inside a reference to the 'Old or 'Loop_Entry attributes is not allowed in SPARK
bad_pledge_calls.adb:19:17: error: violation of aspect SPARK_Mode at line 1
bad_pledge_calls.adb:24:32: error: actual parameter of a function annotated with At_End_Borrow in a contract which is not a local borrower or the borrowed parameter of a traversal function is not allowed in SPARK
bad_pledge_calls.adb:24:32: error: violation of aspect SPARK_Mode at line 1
bad_pledge_calls.adb:33:59: error: call to a function annotated with At_End_Borrow occurring inside a reference to the 'Old or 'Loop_Entry attributes is not allowed in SPARK
bad_pledge_calls.adb:33:59: error: violation of aspect SPARK_Mode at line 1
bad_pledge_calls.adb:42:29: error: actual parameter of a function annotated with At_End_Borrow in a contract which is not a local borrower or the borrowed parameter of a traversal function is not allowed in SPARK
bad_pledge_calls.adb:42:29: error: violation of aspect SPARK_Mode at line 1
bad_pledge_calls.adb:47:53: error: actual parameter of a function annotated with At_End_Borrow in a contract which is not a local borrower or the borrowed parameter of a traversal function is not allowed in SPARK
bad_pledge_calls.adb:47:53: error: violation of aspect SPARK_Mode at line 1
bad_pledge_calls.adb:59:25: error: actual parameter of a function annotated with At_End_Borrow which is not a path is not allowed in SPARK
bad_pledge_calls.adb:59:25: error: violation of aspect SPARK_Mode at line 1
bad_pledge_calls.adb:60:36: error: call to a function annotated with At_End_Borrow occurring inside the initialization expression of an object other than of a constant of anonymous access-to-constant type is not allowed in SPARK
bad_pledge_calls.adb:60:36: error: violation of aspect SPARK_Mode at line 1
bad_pledge_calls_2.adb:2:13: info: implicit aspect Always_Terminates on "Good" has been proved, subprogram will terminate
bad_pledge_calls_2.adb:11:04: info: initialization of "Y" proved
bad_pledge_calls_2.adb:12:37: warning: "Y" may be null
bad_pledge_calls_2.adb:12:51: error: actual for a call to a function annotated with At_End_Borrow should be rooted at a borrower or a borrowed expression
bad_pledge_calls_3.adb:2:13: info: implicit aspect Always_Terminates on "Good" has been proved, subprogram will terminate
bad_pledge_calls_3.adb:11:04: info: initialization of "X" proved
bad_pledge_calls_3.adb:12:56: error: actual for a call to a function annotated with At_End_Borrow should be rooted at a borrower or a borrowed expression
bad_pledge_calls_4.adb:2:13: info: implicit aspect Always_Terminates on "Good" has been proved, subprogram will terminate
bad_pledge_calls_4.adb:11:30: error: borrowed expression cannot depend on variable input "I" [E0007]
bad_pledge_calls_4.adb:11:30: error: launch "gnatprove --explain=E0007" for more information
bad_pledge_calls_4.adb:11:30: error: use instead a constant initialized to the expression with variable input
gnatprove: error during flow analysis and proof
