bad_pledge_calls.adb:19:17: error: call to a function annotated with At_End_Borrow occurring inside a reference to the Old or Loop_Entry attributes is not allowed in SPARK
bad_pledge_calls.adb:19:17: error: violation of aspect SPARK_Mode at line 1
bad_pledge_calls.adb:24:32: error: actual parameter of a function annotated with At_End_Borrow in a contract which is not a local borrower or the borrowed parameter of a traversal function is not allowed in SPARK
bad_pledge_calls.adb:24:32: error: violation of aspect SPARK_Mode at line 1
bad_pledge_calls.adb:33:59: error: call to a function annotated with At_End_Borrow occurring inside a reference to the Old or Loop_Entry attributes is not allowed in SPARK
bad_pledge_calls.adb:33:59: error: violation of aspect SPARK_Mode at line 1
bad_pledge_calls.adb:42:29: error: actual parameter of a function annotated with At_End_Borrow in a contract which is not a local borrower or the borrowed parameter of a traversal function is not allowed in SPARK
bad_pledge_calls.adb:42:29: error: violation of aspect SPARK_Mode at line 1
bad_pledge_calls.adb:47:53: error: actual parameter of a function annotated with At_End_Borrow in a contract which is not a local borrower or the borrowed parameter of a traversal function is not allowed in SPARK
bad_pledge_calls.adb:47:53: error: violation of aspect SPARK_Mode at line 1
bad_pledge_calls.adb:59:25: error: actual parameter of a function annotated with At_End_Borrow which is not a path is not allowed in SPARK
bad_pledge_calls.adb:59:25: error: violation of aspect SPARK_Mode at line 1
bad_pledge_calls.adb:60:36: error: call to a function annotated with At_End_Borrow occurring outside of a postcondition, contract cases, or assertion is not allowed in SPARK
bad_pledge_calls.adb:60:36: error: violation of aspect SPARK_Mode at line 1
bad_pledge_calls_2.adb:11:04: info: initialization of "Y" proved
bad_pledge_calls_2.adb:12:29: error: actual for a call to a function annotated with At_End_Borrow should be rooted at a borrower or a borrowed expression
bad_pledge_calls_3.adb:11:04: info: initialization of "X" proved
bad_pledge_calls_3.adb:12:32: error: actual for a call to a function annotated with At_End_Borrow should be rooted at a borrower or a borrowed expression
bad_pledge_calls_4.adb:11:30: error: borrowed expression cannot depend on variable input "I" (SPARK RM 4.4(2))
gnatprove: error during flow analysis and proof
