test_move.adb:5:13: error: launch "gnatprove --explain=E0010" for more information
test_move.adb:5:13: error: object was moved at line 7 [E0010]
test_move.adb:5:13: error: return from "Create" with moved value for "Ptr"
test_move.adb:5:13: info: implicit aspect Always_Terminates on "Create" has been proved, subprogram will terminate
test_move.adb:9:13: error: launch "gnatprove --explain=E0010" for more information
test_move.adb:9:13: error: object was moved at line 10 [E0010]
test_move.adb:9:13: error: return from "Create_2" with moved value for "Ptr"
test_move.adb:9:13: info: implicit aspect Always_Terminates on "Create_2" has been proved, subprogram will terminate
test_move.adb:14:13: error: launch "gnatprove --explain=E0010" for more information
test_move.adb:14:13: error: object was moved at line 15 [E0010]
test_move.adb:14:13: error: return from "Create_3" with moved value for "Ptr"
test_move.adb:14:13: info: implicit aspect Always_Terminates on "Create_3" has been proved, subprogram will terminate
test_move.adb:15:07: warning: initialization of "C" has no effect
test_move.adb:19:13: error: launch "gnatprove --explain=E0010" for more information
test_move.adb:19:13: error: object was moved at line 22 [E0010]
test_move.adb:19:13: error: return from "Create4" with moved value for "Ptr"
test_move.adb:19:13: info: implicit aspect Always_Terminates on "Create4" has been proved, subprogram will terminate
test_move.adb:21:14: info: initialization of "R" proved
test_move.adb:25:13: error: launch "gnatprove --explain=E0010" for more information
test_move.adb:25:13: error: object was moved at line 26 [E0010]
test_move.adb:25:13: error: return from "Create_5" with moved value for "Ptr"
test_move.adb:25:13: info: implicit aspect Always_Terminates on "Create_5" has been proved, subprogram will terminate
test_move.adb:28:14: info: initialization of "R" proved
gnatprove: error during flow analysis and proof
