deep_vectors.ads:8:09: info: in default value of private type at deep_vectors.ads:8
deep_vectors.ads:8:09: info: predicate check proved on default value (CVC5: 3 VC)
deep_vectors.ads:10:06: info: Container_Aggregates annotation proved (CVC5: 1 VC)
deep_vectors.ads:10:06: info: Container_Aggregates annotation proved (CVC5: 1 VC)
deep_vectors.ads:10:06: info: Container_Aggregates annotation proved (CVC5: 1 VC)
deep_vectors.ads:10:06: info: Container_Aggregates annotation proved (CVC5: 1 VC)
deep_vectors.ads:10:06: info: Container_Aggregates annotation proved (CVC5: 1 VC)
deep_vectors.ads:10:06: info: Container_Aggregates annotation proved (Z3: 1 VC)
deep_vectors.ads:10:06: info: after a call to "Add" at deep_vectors.ads:13
deep_vectors.ads:10:06: info: after a call to "Add" at deep_vectors.ads:13
deep_vectors.ads:10:06: info: after a call to "Add" at deep_vectors.ads:13
deep_vectors.ads:10:06: info: after a call to "Add" at deep_vectors.ads:13
deep_vectors.ads:10:06: info: after a call to "Empty" at deep_vectors.ads:12
deep_vectors.ads:10:06: info: after a call to "Empty" at deep_vectors.ads:12
deep_vectors.ads:10:06: info: during checks for container aggregates at deep_vectors.ads:10
deep_vectors.ads:10:06: info: when establishing invariant on "Capacity" at deep_vectors.ads:30
deep_vectors.ads:10:06: info: when establishing invariant on "Length" at deep_vectors.ads:23
deep_vectors.ads:10:06: info: when reestablishing invariant on "Capacity" at deep_vectors.ads:30
deep_vectors.ads:10:06: info: when reestablishing invariant on "Get" at deep_vectors.ads:25
deep_vectors.ads:10:06: info: when reestablishing invariant on "Get" at deep_vectors.ads:25
deep_vectors.ads:10:06: info: when reestablishing invariant on "Length" at deep_vectors.ads:23
deep_vectors.ads:12:13: info: implicit aspect Always_Terminates on "Empty" has been proved, subprogram will terminate
deep_vectors.ads:17:25: info: during checks for container aggregates at deep_vectors.ads:10
deep_vectors.ads:17:25: info: precondition proved (CVC5: 1 VC)
deep_vectors.ads:19:23: info: range check proved (CVC5: 2 VC)
deep_vectors.ads:19:35: info: range check proved (CVC5: 2 VC)
deep_vectors.ads:19:52: info: precondition proved (CVC5: 1 VC)
deep_vectors.ads:19:52: medium: resource or memory leak might occur [possible explanation: call to allocating function inside an assertion leaks some resource or memory]
deep_vectors.ads:23:13: info: implicit aspect Always_Terminates on "Length" has been proved, subprogram will terminate
deep_vectors.ads:25:13: info: implicit aspect Always_Terminates on "Get" has been proved, subprogram will terminate
deep_vectors.ads:28:13: info: implicit aspect Always_Terminates on "First" has been proved, subprogram will terminate
deep_vectors.ads:30:13: info: implicit aspect Always_Terminates on "Capacity" has been proved, subprogram will terminate
deep_vectors.ads:42:07: info: range check proved (CVC5: 2 VC)
deep_vectors.ads:45:53: info: index check proved (CVC5: 2 VC)
deep_vectors.ads:47:13: info: implicit aspect Always_Terminates on "Copy" has been proved, subprogram will terminate
deep_vectors.ads:48:07: info: null exclusion check proved (CVC5: 1 VC)
deep_vectors.ads:51:07: info: predicate check proved (CVC5: 3 VC)
deep_vectors.ads:51:29: info: length check proved (CVC5: 3 VC)
deep_vectors.ads:51:29: info: range check proved (CVC5: 2 VC)
deep_vectors.ads:51:32: info: range check proved (CVC5: 2 VC)
deep_vectors.ads:54:19: info: null exclusion check proved (CVC5: 1 VC)
deep_vectors.ads:54:23: info: index check proved (CVC5: 2 VC)
main.adb:3:04: error: "X" is not allowed in SPARK (due to allocator not stored in object as part of assignment, declaration or return)
main.adb:3:04: error: violation of aspect SPARK_Mode at line 2
main.adb:3:25: error: allocator not stored in object as part of assignment, declaration or return is not allowed in SPARK
main.adb:3:25: error: violation of aspect SPARK_Mode at line 2
main.adb:3:49: error: allocator not stored in object as part of assignment, declaration or return is not allowed in SPARK
main.adb:3:49: error: violation of aspect SPARK_Mode at line 2
main.adb:5:11: error: "X" is not allowed in SPARK (due to allocator not stored in object as part of assignment, declaration or return)
main.adb:5:11: error: violation of aspect SPARK_Mode at line 2
gnatprove: error during flow analysis and proof
