error.adb:7:15: error: unknown value of object alignment is not yet supported
gnatprove: error during flow analysis and proof
pedantic.adb:7:15: medium: range check might fail, cannot prove upper bound for R'Alignment [reason for check: returned value must fit in the result type of the function]
pedantic.adb:7:15: warning: attribute "Alignment" has an implementation-defined value
pedantic.adb:19:15: warning: attribute "Component_Size" has an implementation-defined value
pedantic.adb:25:18: medium: range check might fail, cannot prove upper bound for V.F1'First_Bit [reason for check: returned value must fit in the result type of the function] [possible fix: subprogram at pedantic.ads:23 should mention V in a precondition]
pedantic.adb:25:18: warning: attribute "First_Bit" has an implementation-defined value
pedantic.adb:31:18: medium: range check might fail, cannot prove upper bound for V.F1'Last_Bit [reason for check: returned value must fit in the result type of the function] [possible fix: subprogram at pedantic.ads:25 should mention V in a precondition]
pedantic.adb:31:18: warning: attribute "Last_Bit" has an implementation-defined value
pedantic.adb:37:18: medium: range check might fail, cannot prove upper bound for V.F1'Position [reason for check: returned value must fit in the result type of the function] [possible fix: subprogram at pedantic.ads:27 should mention V in a precondition]
pedantic.adb:37:18: warning: attribute "Position" has an implementation-defined value
pedantic.adb:43:15: info: the value of "Size" attribute is handled in an imprecise way as it is not specified for type "A"
pedantic.adb:43:15: medium: range check might fail, cannot prove upper bound for A'Size [reason for check: returned value must fit in the result type of the function]
pedantic.adb:43:15: warning: attribute "Size" has an implementation-defined value
pedantic.adb:49:15: info: the value of "Size" attribute is handled in an imprecise way as it is not specified for object "V" and "Object_Size" is not specified for type "R"
pedantic.adb:49:15: medium: range check might fail, cannot prove upper bound for V'Size [reason for check: returned value must fit in the result type of the function] [possible fix: subprogram at pedantic.ads:31 should mention V in a precondition]
pedantic.adb:49:15: warning: attribute "Size" has an implementation-defined value
pedantic.ads:12:29: medium: range check might fail, cannot prove upper bound for R'Alignment [reason for check: default component value must fit in the type]
pedantic.ads:12:29: warning: attribute "Alignment" has an implementation-defined value
pedantic.ads:17:13: info: implicit terminating annotation on "Alignment_Of_R" has been proved, subprogram will terminate
pedantic.ads:19:13: info: implicit terminating annotation on "Order_Of_R" has been proved, subprogram will terminate
pedantic.ads:21:13: info: implicit terminating annotation on "CS_Of_A" has been proved, subprogram will terminate
pedantic.ads:23:13: info: implicit terminating annotation on "First_Bit_Of_F1" has been proved, subprogram will terminate
pedantic.ads:25:13: info: implicit terminating annotation on "Last_Bit_Of_F1" has been proved, subprogram will terminate
pedantic.ads:27:13: info: implicit terminating annotation on "Position_Of_F1" has been proved, subprogram will terminate
pedantic.ads:29:13: info: implicit terminating annotation on "Size_Of_A" has been proved, subprogram will terminate
pedantic.ads:31:13: info: implicit terminating annotation on "Size_Of_V" has been proved, subprogram will terminate
