taa.ads:14:13: error: Access attribute of a named access-to-variable type is not allowed in SPARK
taa.ads:14:13: error: violation of aspect SPARK_Mode at line 2
gnatprove: error during flow analysis and proof
