p.ads:6:25: error: default expression with current instance of enclosing type is not allowed in SPARK (SPARK RM 3.8(1))
p.ads:6:25: error: violation of pragma SPARK_Mode at test.adc:1
gnatprove: error during flow analysis and proof
