test_empty.adb:33:36: error: call to a volatile function in interfering context is not allowed in SPARK
test_empty.adb:33:36: error: violation of aspect SPARK_Mode at line 1
gnatprove: error during flow analysis and proof
