illegal_early_fail.adb:39:27: error: "Element" is not allowed in SPARK (due to incorrect use of "Iterable_For_Proof" annotation)
illegal_early_fail.adb:39:27: error: violation of aspect SPARK_Mode at line 1
illegal_early_fail.adb:52:07: error: "pragma Annotate (GNATprove, Iterable_For_Proof[, ...])" must immediately follow the specification of function "Contains"
illegal_early_fail.adb:52:07: error: incorrect placement for "pragma Annotate (GNATprove, Iterable_For_Proof[, ...])"
illegal_early_fail.adb:77:19: error: function with the "Iterable_For_Proof" annotation produces a circular definition for container models
illegal_early_fail.adb:136:19: error: function with the "Iterable_For_Proof" annotation produces a circular definition for container models
illegal_early_fail.adb:171:16: error: return type shall allow container element iteration with element type "Other_Boolean"
illegal_early_fail.adb:171:16: error: wrong return type for function with the "Iterable_For_Proof" annotation
illegal_early_fail.adb:199:16: error: a subprogram with the "Iterable_For_Proof" annotation shall not access global data
illegal_early_fail.adb:226:16: error: a subprogram with the "Iterable_For_Proof" annotation shall not access global data
illegal_early_fail.adb:313:19: error: function with the "Iterable_For_Proof" annotation shall not have a controlling result
illegal_early_fail.adb:337:22: error: function with the "Iterable_For_Proof" annotation shall be primitive of "Tagged_Container"
illegal_early_fail.adb:371:22: error: function with the "Iterable_For_Proof" annotation shall be primitive of "Boolean_Container"
illegal_early_fail.adb:401:19: error: a function with the "Iterable_For_Proof" annotation shall not be volatile
illegal_early_fail.adb:426:19: error: a function with the "Iterable_For_Proof" annotation shall not be volatile
illegal_early_fail.adb:441:30: error: violation of aspect SPARK_Mode at line 1
illegal_early_fail.adb:441:30: error: volatile function associated with aspect Iterable is not allowed in SPARK (SPARK RM 5.5.2(12))
illegal_early_fail.adb:442:30: error: violation of aspect SPARK_Mode at line 1
illegal_early_fail.adb:442:30: error: volatile function associated with aspect Iterable is not allowed in SPARK (SPARK RM 5.5.2(12))
illegal_early_fail.adb:443:30: error: violation of aspect SPARK_Mode at line 1
illegal_early_fail.adb:443:30: error: volatile function associated with aspect Iterable is not allowed in SPARK (SPARK RM 5.5.2(12))
illegal_early_fail.adb:444:30: error: violation of aspect SPARK_Mode at line 1
illegal_early_fail.adb:444:30: error: volatile function associated with aspect Iterable is not allowed in SPARK (SPARK RM 5.5.2(12))
gnatprove: error during flow analysis and proof
