n01.adb:16:04: info: initialization of "X" proved
n01.adb:27:11: error: object was moved at line 23
n01.adb:27:11: error: part of dereference from "X" is not writable
n03.adb:24:04: info: absence of memory leak at end of scope proved (CVC4: 1 VC)
n03.adb:25:04: info: absence of memory leak at end of scope proved (CVC4: 1 VC)
n03.adb:26:04: medium: memory leak might occur at end of scope
n03.adb:27:04: medium: memory leak might occur at end of scope
n03.adb:27:16: info: pointer dereference check proved (CVC4: 1 VC)
n03.adb:29:06: info: pointer dereference check proved (CVC4: 1 VC)
n03.adb:31:04: medium: memory leak might occur
n03.adb:34:24: info: range check proved (CVC4: 1 VC)
n03.adb:34:42: info: pointer dereference check proved (CVC4: 1 VC)
n03.adb:37:07: info: absence of memory leak proved (CVC4: 1 VC)
n03.adb:37:07: warning: unused assignment
n03.adb:38:07: info: absence of memory leak proved (CVC4: 1 VC)
n03.adb:38:07: warning: unused assignment
n03.adb:39:06: info: absence of memory leak proved (CVC4: 1 VC)
n03.adb:39:06: warning: unused assignment
n04.adb:11:10: error: component of anonymous access type is not allowed in SPARK
n04.adb:11:10: error: violation of pragma SPARK_Mode at test.adc:3
n04.adb:11:12: error: component of anonymous access type is not allowed in SPARK
n04.adb:11:12: error: violation of pragma SPARK_Mode at test.adc:3
n04.adb:14:12: error: "MyStruct" is not allowed in SPARK (due to component of anonymous access type)
n04.adb:14:12: error: violation of pragma SPARK_Mode at test.adc:3
n04.adb:15:07: error: "MyStruct" is not allowed in SPARK (due to component of anonymous access type)
n04.adb:15:07: error: violation of pragma SPARK_Mode at test.adc:3
n04.adb:16:07: error: object of anonymous access not declared immediately within a subprogram, entry or block is not allowed in SPARK (SPARK RM 3.10(4))
n04.adb:16:07: error: violation of pragma SPARK_Mode at test.adc:3
n04.adb:22:11: error: "MyStruct" is not allowed in SPARK (due to component of anonymous access type)
n04.adb:22:11: error: violation of pragma SPARK_Mode at test.adc:3
n04.adb:33:07: error: "MyStruct" is not allowed in SPARK (due to component of anonymous access type)
n04.adb:33:07: error: violation of pragma SPARK_Mode at test.adc:3
n04.adb:37:07: error: "Y" is not allowed in SPARK (due to uninitialized object of anonymous access type)
n04.adb:37:07: error: violation of pragma SPARK_Mode at test.adc:3
n05.adb:31:27: warning: "X" is not modified, could be of access constant type
n05.adb:37:22: error: object was declared as not writable at line 31
n05.adb:37:22: error: part of dereference from "X" is not writable
n06.adb:33:27: warning: "X" is not modified, could be of access constant type
n06.adb:39:22: error: object was declared as not writable at line 33
n06.adb:39:22: error: part of dereference from "X" is not writable
n07.adb:10:16: error: anonymous access type for result for non-traversal functions is not allowed in SPARK
n07.adb:10:16: error: violation of pragma SPARK_Mode at test.adc:3
n07.adb:23:04: error: uninitialized object of anonymous access type is not allowed in SPARK (SPARK RM 3.10(4))
n07.adb:23:04: error: violation of pragma SPARK_Mode at test.adc:3
n07.adb:25:04: error: "A" is not allowed in SPARK (due to uninitialized object of anonymous access type)
n07.adb:25:04: error: violation of pragma SPARK_Mode at test.adc:3
n07.adb:25:09: error: "Get_Local_Pointer" is not allowed in SPARK (due to anonymous access type for result for non-traversal functions)
n07.adb:25:09: error: violation of pragma SPARK_Mode at test.adc:3
n08.adb:21:18: error: object was declared as not writable at line 16
n08.adb:21:18: error: part of dereference from "A" is not writable
n08.adb:23:22: error: object was declared as not writable at line 16
n08.adb:23:22: error: part of dereference from "A" is not writable
n09.adb:11:30: warning: "A" is not modified, could be of access constant type
n09.adb:16:19: error: dereference from "A" is not writable
n09.adb:16:19: error: object was declared as not writable at line 11
n09b.adb:11:17: error: object was moved at line 20
n09b.adb:11:17: error: return from "Copy_Pointer" with moved value for "A"
n09b.adb:11:31: warning: "A" is not modified, could be of access constant type
n09b.adb:11:43: info: initialization of "B" proved
n09b.adb:13:11: info: data dependencies proved
n09b.adb:14:11: info: flow dependencies proved
n09c.adb:11:17: error: object was moved at line 18
n09c.adb:11:17: error: return from "Copy_Pointer" with moved value for "A"
n09c.adb:11:31: warning: "A" is not modified, could be of access constant type
n09c.adb:11:44: info: initialization of "B" proved
n09c.adb:12:09: info: data dependencies proved
n09c.adb:13:09: info: flow dependencies proved
n10.adb:12:17: error: object was moved at line 19
n10.adb:12:17: error: return from "Modify" with moved value for "A"
n10.adb:12:25: warning: "A" is not modified, could be of access constant type
n10.adb:14:09: info: data dependencies proved
n10.adb:19:10: warning: initialization of "B" has no effect
n10.adb:20:10: warning: initialization of "T1" has no effect
n10.adb:20:21: error: "A" is not readable
n10.adb:20:21: error: object was moved at line 19
n10.adb:23:17: warning: unused assignment
n11.adb:18:37: error: borrow or observe of an expression which is not part of stand-alone object or parameter is not allowed in SPARK (SPARK RM 3.10(3)))
n11.adb:18:37: error: violation of pragma SPARK_Mode at test.adc:3
n11.adb:21:10: error: "T1" is not allowed in SPARK (due to borrow or observe of an expression which is not part of stand-alone object or parameter)
n11.adb:21:10: error: violation of pragma SPARK_Mode at test.adc:3
n11.adb:21:24: error: "T1" is not allowed in SPARK (due to borrow or observe of an expression which is not part of stand-alone object or parameter)
n11.adb:21:24: error: violation of pragma SPARK_Mode at test.adc:3
n12.adb:13:17: error: object was moved at line 19
n12.adb:13:17: error: return from "Modify" with moved value for "A"
n12.adb:14:09: info: flow dependencies proved
n12.adb:20:22: high: "Heap.Dynamic_Memory" must be listed in the Global aspect of "Modify" (SPARK RM 6.1.4(14))
n12.adb:20:28: error: "A" is not readable
n12.adb:20:28: error: object was moved at line 19
n13.adb:14:09: info: flow dependencies proved
n13.adb:15:09: info: data dependencies proved
n13.adb:19:10: warning: initialization of "B" has no effect
n13.adb:25:20: error: "A" is not readable
n13.adb:25:20: error: object was moved at line 19
n14.adb:21:37: error: borrow or observe of an expression which is not part of stand-alone object or parameter is not allowed in SPARK (SPARK RM 3.10(3)))
n14.adb:21:37: error: violation of pragma SPARK_Mode at test.adc:3
n14.adb:24:36: error: "T2" is not allowed in SPARK (due to borrow or observe of an expression which is not part of stand-alone object or parameter)
n14.adb:24:36: error: violation of pragma SPARK_Mode at test.adc:3
n15.adb:21:37: error: borrow or observe of an expression which is not part of stand-alone object or parameter is not allowed in SPARK (SPARK RM 3.10(3)))
n15.adb:21:37: error: violation of pragma SPARK_Mode at test.adc:3
n15.adb:24:25: error: "T2" is not allowed in SPARK (due to borrow or observe of an expression which is not part of stand-alone object or parameter)
n15.adb:24:25: error: violation of pragma SPARK_Mode at test.adc:3
n16.adb:13:17: error: object was moved at line 19
n16.adb:13:17: error: return from "Modify" with moved value for "T0"
n16.adb:13:25: warning: "T0" is not modified, could be of access constant type
n16.adb:15:09: info: data dependencies proved
n16.adb:23:10: warning: initialization of "P" has no effect
n16.adb:23:23: error: dereference from "T0" is not readable
n16.adb:23:23: error: object was moved at line 19
n16.adb:27:21: warning: unused assignment
pointers.adb:46:14: high: "XX" must be a global output of "Bad_Swap2" (SPARK RM 6.1.4(17))
pointers.adb:52:14: high: "XX" must be a global output of "Swap2" (SPARK RM 6.1.4(17))
pointers.adb:53:14: high: "YY" must be a global output of "Swap2" (SPARK RM 6.1.4(17))
pointers.adb:98:15: high: "CXX" must be a global output of "Bad_Swap4" (SPARK RM 6.1.4(17))
pointers.adb:104:15: high: "CXX" must be a global output of "Swap4" (SPARK RM 6.1.4(17))
pointers.adb:105:15: high: "CYY" must be a global output of "Swap4" (SPARK RM 6.1.4(17))
pointers.adb:118:13: error: dereference from "X" is not writable
pointers.adb:118:13: error: object was moved at line 116
pointers.adb:124:20: high: "CCXX" must be a global output of "Bad_Swap5" (SPARK RM 6.1.4(17))
pointers.adb:130:16: error: dereference from "CCXX" is not writable
pointers.adb:130:16: error: object was moved at line 128
pointers.adb:130:20: high: "CCXX" must be a global output of "Swap5" (SPARK RM 6.1.4(17))
pointers.adb:131:20: high: "CCYY" must be a global output of "Swap5" (SPARK RM 6.1.4(17))
pointers.ads:8:14: error: object was moved at pointers.adb:8
pointers.ads:8:14: error: return from "Bad_Swap" with moved value for "Y"
pointers.ads:8:24: warning: unused initial value of "X"
pointers.ads:8:27: warning: "Y" is not modified, could be IN
pointers.ads:14:14: error: object was moved at pointers.adb:20
pointers.ads:14:14: error: return from "Bad_Swap" with moved value for "Y"
pointers.ads:15:06: info: data dependencies proved
pointers.ads:15:28: warning: unused initial value of "X"
pointers.ads:15:31: warning: "Y" is not modified, could be INPUT
pointers.ads:18:06: info: data dependencies proved
pointers.ads:24:14: error: object was moved at pointers.adb:34
pointers.ads:24:14: error: return from "Bad_Swap2" with moved value for "Y"
pointers.ads:24:28: warning: "Y" is not modified, could be of access constant type
pointers.ads:30:14: error: object was moved at pointers.adb:46
pointers.ads:30:14: error: return from "Bad_Swap2" with moved value for "YY"
pointers.ads:40:14: error: object was moved at pointers.adb:60
pointers.ads:40:14: error: return from "Bad_Swap3" with moved value for "Y"
pointers.ads:40:25: warning: unused initial value of "X"
pointers.ads:40:28: warning: "Y" is not modified, could be IN
pointers.ads:46:14: error: object was moved at pointers.adb:72
pointers.ads:46:14: error: return from "Bad_Swap3" with moved value for "CY"
pointers.ads:47:06: info: data dependencies proved
pointers.ads:47:28: warning: unused initial value of "CX"
pointers.ads:47:32: warning: "CY" is not modified, could be INPUT
pointers.ads:50:06: info: data dependencies proved
pointers.ads:56:14: error: object was moved at pointers.adb:86
pointers.ads:56:14: error: return from "Bad_Swap4" with moved value for "Y"
pointers.ads:56:28: warning: "Y" is not modified, could be of access constant type
pointers.ads:62:14: error: object was moved at pointers.adb:98
pointers.ads:62:14: error: return from "Bad_Swap4" with moved value for "CYY"
pointers.ads:72:28: warning: "Y" is not modified, could be of access constant type
pointers.ads:74:14: error: object was moved at pointers.adb:116
pointers.ads:74:14: error: return from "Swap5" with moved value for "X"
pointers.ads:81:14: error: object was moved at pointers.adb:128
pointers.ads:81:14: error: return from "Swap5" with moved value for "CCXX"
pointers2.adb:31:16: error: "Y" is not readable
pointers2.adb:31:16: error: object was moved at line 30
pointers2.adb:36:09: warning: unused assignment
pointers2.adb:37:12: error: "Y" is not readable
pointers2.adb:37:12: error: object was moved at line 36
pointers2.ads:6:14: error: object was moved at pointers2.adb:6
pointers2.ads:6:14: error: return from "Bad_Swap" with moved value for "Y"
pointers2.ads:6:24: warning: unused initial value of "X"
pointers2.ads:6:27: warning: "Y" is not modified, could be IN
pointers2.ads:12:14: error: object was moved at pointers2.adb:18
pointers2.ads:12:14: error: return from "Bad_Swap_Global" with moved value for "Y"
pointers2.ads:13:06: info: data dependencies proved
pointers2.ads:13:28: warning: unused initial value of "X"
pointers2.ads:13:31: warning: "Y" is not modified, could be INPUT
pointers2.ads:16:06: info: data dependencies proved
pointers2.ads:18:14: error: object was moved at pointers2.adb:30
pointers2.ads:18:14: error: return from "Bad_Borrow" with moved value for "Y"
pointers2.ads:18:26: warning: unused initial value of "X"
pointers2.ads:20:14: error: object was moved at pointers2.adb:36
pointers2.ads:20:14: error: return from "Bad_Move" with moved value for "Y"
pointers2.ads:20:24: warning: unused initial value of "X"
pointers2.ads:20:27: warning: "Y" is not modified, could be IN
spark02.adb:32:04: error: non-traversal function call of owning type as the prefix of an expression is not allowed in SPARK (SPARK RM 3.10(6))
spark02.adb:32:04: error: violation of pragma SPARK_Mode at test.adc:3
spark02.adb:34:09: error: non-traversal function call of owning type as the prefix of an expression is not allowed in SPARK (SPARK RM 3.10(6))
spark02.adb:34:09: error: violation of pragma SPARK_Mode at test.adc:3
spark02.adb:35:09: error: expression as "in out" parameter is not allowed in SPARK
spark02.adb:35:09: error: violation of pragma SPARK_Mode at test.adc:3
spark03.adb:6:12: medium: memory leak might occur
spark03.adb:7:18: info: absence of memory leak proved (CVC4: 1 VC)
spark03.adb:12:18: info: absence of memory leak proved (CVC4: 1 VC)
spark03.adb:13:11: info: absence of memory leak proved (CVC4: 1 VC)
spark03.adb:19:09: medium: pointer dereference check might fail (e.g. when Y = null) [possible fix: subprogram at spark03.ads:21 should mention Y in a precondition]
spark03.adb:22:16: info: absence of memory leak proved (CVC4: 1 VC)
spark03.adb:23:09: medium: pointer dereference check might fail (e.g. when Z = null)
spark03.adb:24:16: info: absence of memory leak proved (CVC4: 1 VC)
spark03.adb:25:09: medium: pointer dereference check might fail (e.g. when W = null)
spark03.ads:8:07: medium: missing dependency "null => AA"
spark03.ads:8:36: medium: incorrect dependency "AA => AA"
spark03.ads:9:21: info: initialization of "An_Item" proved
spark03.ads:10:07: info: flow dependencies proved
spark03.ads:21:24: info: data dependencies proved
spark03.ads:21:63: info: initialization of "Z" proved
spark03.ads:21:65: info: initialization of "W" proved
spark03b.ads:4:13: error: object was moved at spark03b.adb:6
spark03b.ads:4:13: error: return from "Insert" with moved value for "An_Item"
spark03b.ads:4:21: warning: "An_Item" is not modified, could be IN
spark03b.ads:5:07: info: flow dependencies proved
spark03b.ads:6:21: info: initialization of "An_Item" proved
spark03b.ads:17:24: info: data dependencies proved
spark03b.ads:17:63: info: initialization of "Z" proved
spark03b.ads:17:65: info: initialization of "W" proved
spark03c.ads:7:13: error: object was moved at spark03c.adb:6
spark03c.ads:7:13: error: return from "Insert" with moved value for "An_Item"
spark03c.ads:7:21: warning: "An_Item" is not modified, could be of access constant type
spark03c.ads:8:21: info: initialization of "An_Item" proved
spark03c.ads:19:24: info: data dependencies proved
spark03c.ads:19:63: info: initialization of "Z" proved
spark03c.ads:19:65: info: initialization of "W" proved
gnatprove: error during flow analysis and proof
n08b.adb:28:26: error: expected type universal integer
n08b.adb:28:26: error: found type "ACI" defined at line 12
n08b.adb:30:22: error: expected type "ACI" defined at line 12
n08b.adb:30:22: error: found type access to "ACI" defined at line 30
n08b.adb:39:43: error: expected type "ACI" defined at line 12
n08b.adb:39:43: error: found type universal integer
n08b.adb:39:52: error: expected type "ACI" defined at line 12
n08b.adb:39:52: error: found type universal integer
n08b.adb:40:15: error: add "all" to type "AM" defined at line 16
n08b.adb:40:15: error: result must be general access type
n08b.adb:43:39: error: expected type "Standard.Integer"
n08b.adb:43:39: error: found type "ACI" defined at line 12
n08b.adb:44:43: error: expected type "Standard.Integer"
n08b.adb:44:43: error: found type "ACI" defined at line 12
n08b.adb:45:51: error: expected type "Standard.Integer"
n08b.adb:45:51: error: found type "ACI" defined at line 12
n08b.adb:46:51: error: expected type "Standard.Integer"
n08b.adb:46:51: error: found type "ACI" defined at line 12
n08b.adb:53:39: error: expected type "Standard.Integer"
n08b.adb:53:39: error: found type "ACI" defined at line 12
n08b.adb:54:43: error: expected type "Standard.Integer"
n08b.adb:54:43: error: found type "ACI" defined at line 12
n08b.adb:55:51: error: expected type "Standard.Integer"
n08b.adb:55:51: error: found type "ACI" defined at line 12
n08b.adb:56:51: error: expected type "Standard.Integer"
n08b.adb:56:51: error: found type "ACI" defined at line 12
gnatprove: error during generation of Global contracts
