insrc.adb:70:17: warning: assuming "Read" always terminates
insrc.adb:70:17: warning: assuming "Read" has no effect on global items
insrc.adb:70:17: warning: no Always_Terminates aspect available for "Read" [assumed-always-terminates]
insrc.adb:70:17: warning: no Global contract available for "Read" [assumed-global-null]
insrc.adb:74:12: error: choice parameter in handler is not allowed in SPARK (SPARK RM 11.2(1))
insrc.adb:74:12: error: violation of aspect SPARK_Mode at line 28
insrc.adb:85:14: warning: assuming "Open" always terminates
insrc.adb:85:14: warning: assuming "Open" has no effect on global items
insrc.adb:85:14: warning: no Always_Terminates aspect available for "Open" [assumed-always-terminates]
insrc.adb:85:14: warning: no Global contract available for "Open" [assumed-global-null]
insrc.adb:86:29: warning: assuming "Size" has no effect on global items
insrc.adb:86:29: warning: no Global contract available for "Size" [assumed-global-null]
insrc.adb:89:14: warning: assuming "Close" always terminates
insrc.adb:89:14: warning: assuming "Close" has no effect on global items
insrc.adb:89:14: warning: no Always_Terminates aspect available for "Close" [assumed-always-terminates]
insrc.adb:89:14: warning: no Global contract available for "Close" [assumed-global-null]
insrc.adb:93:12: error: choice parameter in handler is not allowed in SPARK (SPARK RM 11.2(1))
insrc.adb:93:12: error: violation of aspect SPARK_Mode at line 28
insrc.adb:164:16: info: analyzing call to "AffGenericErr" in context
insrc.adb:169:16: info: analyzing call to "AffChaineErr" in context
insrc.adb:208:13: info: analyzing call to "AffGenericErr" in context
insrc.adb:233:13: info: analyzing call to "AffGenericErr" in context
insrc.ads:49:04: error: expression as source of move is not allowed in SPARK (SPARK RM 3.10(1))
insrc.ads:49:04: error: instantiation error at arbmgr.adb:104
insrc.ads:49:04: error: violation of aspect SPARK_Mode at arbmgr.adb:22, instance at line 49
insrc.ads:55:04: error: "AFCB_Ptr" is not allowed in SPARK (due to entity declared with SPARK_Mode Off)
insrc.ads:55:04: error: "File_Mode" is not allowed in SPARK (due to entity declared with SPARK_Mode Off)
insrc.ads:55:04: error: "File_Mode" is not allowed in SPARK (due to entity declared with SPARK_Mode Off)
insrc.ads:55:04: error: "File_Type" is not allowed in SPARK (due to entity declared with SPARK_Mode Off)
insrc.ads:55:04: error: "File_Type" is not allowed in SPARK (due to entity declared with SPARK_Mode Off)
insrc.ads:55:04: error: instantiation error at a-direio.adb:57
insrc.ads:55:04: error: instantiation error at a-direio.adb:58
insrc.ads:55:04: error: instantiation error at a-direio.adb:61
insrc.ads:55:04: error: instantiation error at a-direio.adb:62
insrc.ads:55:04: error: instantiation error at a-direio.ads:167
insrc.ads:55:04: error: instantiation error at a-unccon.ads:20
insrc.ads:55:04: error: instantiation error at a-unccon.ads:21
insrc.ads:55:04: error: violation of aspect SPARK_Mode at line 25
insrc.ads:55:04: error: violation of aspect SPARK_Mode at line 25
insrc.ads:55:04: error: violation of aspect SPARK_Mode at line 25
insrc.ads:55:04: error: violation of aspect SPARK_Mode at line 25
insrc.ads:55:04: error: violation of aspect SPARK_Mode at line 25
outsrc.adb:116:18: error: conversion between access types with different designated types is not yet supported
gnatprove: error during flow analysis and proof
