containers.ads:2:09: info: default initial condition proved (CVC5: 1 VC)
containers.ads:5:13: info: implicit terminating annotation on "Length" has been proved, subprogram will terminate
containers.ads:11:04: medium: type "Container" is not fully initialized
containers.ads:13:07: info: range check proved (CVC5: 2 VC)
dic_pred.ads:2:13: info: implicit function contract might not be available on calls from enclosing unit
dic_pred.ads:2:13: info: implicit terminating annotation on "Id" has been proved, subprogram will terminate
dic_pred.ads:4:09: info: default initial condition proved (CVC5: 1 VC)
dic_pred.ads:4:09: medium: predicate check might fail on default value
dic_pred.ads:7:13: info: implicit terminating annotation on "Get" has been proved, subprogram will terminate
dic_pred.ads:11:22: info: in default value of private type at dic_pred.ads:5
dic_pred.ads:11:22: info: range check proved (CVC5: 2 VC)
use_dic_pred.ads:16:09: error: type aspect on type derived from a private type is not yet supported
gnatprove: error during flow analysis and proof
