p.adb:2:09: dynamic type predicate is not allowed in SPARK
p.adb:2:09: violation of pragma SPARK_Mode at line 1
p.adb:8:14: "T" is not allowed in SPARK
p.adb:8:14: violation of pragma SPARK_Mode at line 1
p.adb:10:07: "T" is not allowed in SPARK
p.adb:10:07: violation of pragma SPARK_Mode at line 1
p.adb:10:25: "T" is not allowed in SPARK
p.adb:10:25: violation of pragma SPARK_Mode at line 1
p.adb:11:07: "T" is not allowed in SPARK
p.adb:11:07: violation of pragma SPARK_Mode at line 1
p.adb:14:04: "T" is not allowed in SPARK
p.adb:14:04: error in inlined body at line 6
p.adb:14:04: violation of pragma SPARK_Mode at line 1
p.adb:17:09: "T" is not allowed in SPARK
p.adb:17:09: error in inlined body at line 6
p.adb:17:09: violation of pragma SPARK_Mode at line 1
sub.ads:7:12: dynamic type predicate is not allowed in SPARK
sub.ads:7:12: violation of pragma SPARK_Mode at line 1
sub.ads:11:12: dynamic type predicate is not allowed in SPARK
sub.ads:11:12: violation of pragma SPARK_Mode at line 1
sub.ads:22:14: "S" is not allowed in SPARK
sub.ads:22:14: violation of pragma SPARK_Mode at line 1
sub.ads:24:14: "T" is not allowed in SPARK
sub.ads:24:14: violation of pragma SPARK_Mode at line 1
   compilation of main.adb failed
   compilation of p.adb failed


gnatprove: error during analysis and translation to intermediate language, aborting.
gprbuild: *** compilation phase failed
