t1.adb:4:13: error: "F" might include a recursive call due to a type invariant or subtype predicate, or there might be a cycle in the elaboration of the enclosing unit
t1.adb:4:13: error: unsupported recursive subprogram
t1.adb:4:13: info: implicit aspect Always_Terminates on "F" has been proved, subprogram will terminate
t1.adb:4:16: warning: unused variable "V"
t1.adb:10:07: warning: unused variable "W"
gnatprove: error during flow analysis and proof
